{"C:\\exe-code-analytics\\src\\__tests__\\integration\\analytics.spec.ts": {"path":"C:\\exe-code-analytics\\src\\__tests__\\integration\\analytics.spec.ts","all":false,"statementMap":{"0":{"start":{"line":1,"column":0},"end":{"line":1,"column":52}},"1":{"start":{"line":2,"column":0},"end":{"line":2,"column":46}},"2":{"start":{"line":3,"column":0},"end":{"line":3,"column":0}},"3":{"start":{"line":4,"column":0},"end":{"line":4,"column":26}},"4":{"start":{"line":5,"column":0},"end":{"line":5,"column":25}},"5":{"start":{"line":6,"column":0},"end":{"line":6,"column":0}},"6":{"start":{"line":7,"column":0},"end":{"line":7,"column":30}},"7":{"start":{"line":8,"column":0},"end":{"line":8,"column":24}},"8":{"start":{"line":9,"column":0},"end":{"line":9,"column":45}},"9":{"start":{"line":10,"column":0},"end":{"line":10,"column":38}},"10":{"start":{"line":11,"column":0},"end":{"line":11,"column":5}},"11":{"start":{"line":12,"column":0},"end":{"line":12,"column":0}},"12":{"start":{"line":13,"column":0},"end":{"line":13,"column":48}},"13":{"start":{"line":14,"column":0},"end":{"line":14,"column":42}},"14":{"start":{"line":15,"column":0},"end":{"line":15,"column":43}},"15":{"start":{"line":16,"column":0},"end":{"line":16,"column":0}},"16":{"start":{"line":17,"column":0},"end":{"line":17,"column":50}},"17":{"start":{"line":18,"column":0},"end":{"line":18,"column":40}},"18":{"start":{"line":19,"column":0},"end":{"line":19,"column":0}},"19":{"start":{"line":20,"column":0},"end":{"line":20,"column":39}},"20":{"start":{"line":21,"column":0},"end":{"line":21,"column":5}},"21":{"start":{"line":22,"column":0},"end":{"line":22,"column":0}},"22":{"start":{"line":23,"column":0},"end":{"line":23,"column":48}},"23":{"start":{"line":24,"column":0},"end":{"line":24,"column":59}},"24":{"start":{"line":25,"column":0},"end":{"line":25,"column":0}},"25":{"start":{"line":26,"column":0},"end":{"line":26,"column":43}},"26":{"start":{"line":27,"column":0},"end":{"line":27,"column":40}},"27":{"start":{"line":28,"column":0},"end":{"line":28,"column":0}},"28":{"start":{"line":29,"column":0},"end":{"line":29,"column":39}},"29":{"start":{"line":30,"column":0},"end":{"line":30,"column":5}},"30":{"start":{"line":31,"column":0},"end":{"line":31,"column":3}}},"s":{"0":1,"1":1,"2":1,"3":1,"4":1,"5":1,"6":1,"7":1,"8":1,"9":1,"10":1,"11":1,"12":1,"13":1,"14":1,"15":1,"16":1,"17":1,"18":1,"19":1,"20":1,"21":1,"22":1,"23":1,"24":1,"25":1,"26":1,"27":1,"28":1,"29":1,"30":1},"branchMap":{},"b":{},"fnMap":{},"f":{}}
,"C:\\exe-code-analytics\\src\\providers\\Analytic.ts": {"path":"C:\\exe-code-analytics\\src\\providers\\Analytic.ts","all":false,"statementMap":{"0":{"start":{"line":1,"column":0},"end":{"line":1,"column":30}},"1":{"start":{"line":2,"column":0},"end":{"line":2,"column":0}},"2":{"start":{"line":3,"column":0},"end":{"line":3,"column":24}},"3":{"start":{"line":4,"column":0},"end":{"line":4,"column":15}},"4":{"start":{"line":5,"column":0},"end":{"line":5,"column":18}},"5":{"start":{"line":6,"column":0},"end":{"line":6,"column":0}},"6":{"start":{"line":7,"column":0},"end":{"line":7,"column":16}},"7":{"start":{"line":8,"column":0},"end":{"line":8,"column":22}},"8":{"start":{"line":9,"column":0},"end":{"line":9,"column":17}},"9":{"start":{"line":10,"column":0},"end":{"line":10,"column":0}},"10":{"start":{"line":11,"column":0},"end":{"line":11,"column":13}},"11":{"start":{"line":12,"column":0},"end":{"line":12,"column":18}},"12":{"start":{"line":13,"column":0},"end":{"line":13,"column":18}},"13":{"start":{"line":14,"column":0},"end":{"line":14,"column":4}},"14":{"start":{"line":15,"column":0},"end":{"line":15,"column":0}},"15":{"start":{"line":16,"column":0},"end":{"line":16,"column":13}},"16":{"start":{"line":17,"column":0},"end":{"line":17,"column":18}},"17":{"start":{"line":18,"column":0},"end":{"line":18,"column":18}},"18":{"start":{"line":19,"column":0},"end":{"line":19,"column":4}},"19":{"start":{"line":20,"column":0},"end":{"line":20,"column":2}},"20":{"start":{"line":21,"column":0},"end":{"line":21,"column":0}},"21":{"start":{"line":22,"column":0},"end":{"line":22,"column":19}},"22":{"start":{"line":23,"column":0},"end":{"line":23,"column":14}},"23":{"start":{"line":24,"column":0},"end":{"line":24,"column":39}},"24":{"start":{"line":25,"column":0},"end":{"line":25,"column":7}},"25":{"start":{"line":26,"column":0},"end":{"line":26,"column":0}},"26":{"start":{"line":27,"column":0},"end":{"line":27,"column":29}},"27":{"start":{"line":28,"column":0},"end":{"line":28,"column":29}},"28":{"start":{"line":29,"column":0},"end":{"line":29,"column":19}},"29":{"start":{"line":30,"column":0},"end":{"line":30,"column":6}},"30":{"start":{"line":31,"column":0},"end":{"line":31,"column":0}},"31":{"start":{"line":32,"column":0},"end":{"line":32,"column":39}},"32":{"start":{"line":33,"column":0},"end":{"line":33,"column":51}},"33":{"start":{"line":34,"column":0},"end":{"line":34,"column":0}},"34":{"start":{"line":35,"column":0},"end":{"line":35,"column":18}},"35":{"start":{"line":36,"column":0},"end":{"line":36,"column":18}},"36":{"start":{"line":37,"column":0},"end":{"line":37,"column":16}},"37":{"start":{"line":38,"column":0},"end":{"line":38,"column":17}},"38":{"start":{"line":39,"column":0},"end":{"line":39,"column":16}},"39":{"start":{"line":40,"column":0},"end":{"line":40,"column":17}},"40":{"start":{"line":41,"column":0},"end":{"line":41,"column":17}},"41":{"start":{"line":42,"column":0},"end":{"line":42,"column":18}},"42":{"start":{"line":43,"column":0},"end":{"line":43,"column":16}},"43":{"start":{"line":44,"column":0},"end":{"line":44,"column":20}},"44":{"start":{"line":45,"column":0},"end":{"line":45,"column":14}},"45":{"start":{"line":46,"column":0},"end":{"line":46,"column":21}},"46":{"start":{"line":47,"column":0},"end":{"line":47,"column":6}},"47":{"start":{"line":48,"column":0},"end":{"line":48,"column":4}},"48":{"start":{"line":49,"column":0},"end":{"line":49,"column":2}},"49":{"start":{"line":50,"column":0},"end":{"line":50,"column":13}},"50":{"start":{"line":51,"column":0},"end":{"line":51,"column":34}},"51":{"start":{"line":52,"column":0},"end":{"line":52,"column":0}},"52":{"start":{"line":53,"column":0},"end":{"line":53,"column":27}},"53":{"start":{"line":54,"column":0},"end":{"line":54,"column":47}},"54":{"start":{"line":55,"column":0},"end":{"line":55,"column":77}},"55":{"start":{"line":56,"column":0},"end":{"line":56,"column":0}},"56":{"start":{"line":57,"column":0},"end":{"line":57,"column":14}},"57":{"start":{"line":58,"column":0},"end":{"line":58,"column":13}},"58":{"start":{"line":59,"column":0},"end":{"line":59,"column":37}},"59":{"start":{"line":60,"column":0},"end":{"line":60,"column":26}},"60":{"start":{"line":61,"column":0},"end":{"line":61,"column":18}},"61":{"start":{"line":62,"column":0},"end":{"line":62,"column":38}},"62":{"start":{"line":63,"column":0},"end":{"line":63,"column":28}},"63":{"start":{"line":64,"column":0},"end":{"line":64,"column":10}},"64":{"start":{"line":65,"column":0},"end":{"line":65,"column":18}},"65":{"start":{"line":66,"column":0},"end":{"line":66,"column":38}},"66":{"start":{"line":67,"column":0},"end":{"line":67,"column":28}},"67":{"start":{"line":68,"column":0},"end":{"line":68,"column":10}},"68":{"start":{"line":69,"column":0},"end":{"line":69,"column":26}},"69":{"start":{"line":70,"column":0},"end":{"line":70,"column":28}},"70":{"start":{"line":71,"column":0},"end":{"line":71,"column":7}},"71":{"start":{"line":72,"column":0},"end":{"line":72,"column":4}},"72":{"start":{"line":73,"column":0},"end":{"line":73,"column":0}},"73":{"start":{"line":74,"column":0},"end":{"line":74,"column":14}},"74":{"start":{"line":75,"column":0},"end":{"line":75,"column":45}},"75":{"start":{"line":76,"column":0},"end":{"line":76,"column":59}},"76":{"start":{"line":77,"column":0},"end":{"line":77,"column":0}},"77":{"start":{"line":78,"column":0},"end":{"line":78,"column":32}},"78":{"start":{"line":79,"column":0},"end":{"line":79,"column":21}},"79":{"start":{"line":80,"column":0},"end":{"line":80,"column":0}},"80":{"start":{"line":81,"column":0},"end":{"line":81,"column":18}},"81":{"start":{"line":82,"column":0},"end":{"line":82,"column":35}},"82":{"start":{"line":83,"column":0},"end":{"line":83,"column":4}},"83":{"start":{"line":84,"column":0},"end":{"line":84,"column":2}},"84":{"start":{"line":85,"column":0},"end":{"line":85,"column":0}},"85":{"start":{"line":86,"column":0},"end":{"line":86,"column":8}},"86":{"start":{"line":87,"column":0},"end":{"line":87,"column":11}},"87":{"start":{"line":88,"column":0},"end":{"line":88,"column":14}},"88":{"start":{"line":89,"column":0},"end":{"line":89,"column":2}}},"s":{"0":1,"1":1,"2":1,"3":1,"4":1,"5":1,"6":1,"7":1,"8":1,"9":1,"10":1,"11":1,"12":1,"13":1,"14":1,"15":1,"16":1,"17":1,"18":1,"19":1,"20":1,"21":1,"22":1,"23":1,"24":1,"25":1,"26":1,"27":0,"28":0,"29":0,"30":0,"31":0,"32":0,"33":0,"34":0,"35":0,"36":0,"37":0,"38":0,"39":0,"40":0,"41":0,"42":0,"43":0,"44":0,"45":0,"46":0,"47":0,"48":1,"49":1,"50":0,"51":0,"52":0,"53":0,"54":0,"55":0,"56":0,"57":0,"58":0,"59":0,"60":0,"61":0,"62":0,"63":0,"64":0,"65":0,"66":0,"67":0,"68":0,"69":0,"70":0,"71":0,"72":1,"73":1,"74":1,"75":3,"76":3,"77":3,"78":3,"79":3,"80":3,"81":1,"82":1,"83":1,"84":1,"85":1,"86":1,"87":1,"88":1},"branchMap":{"0":{"type":"branch","line":74,"loc":{"start":{"line":74,"column":2},"end":{"line":83,"column":4}},"locations":[{"start":{"line":74,"column":2},"end":{"line":83,"column":4}}]},"1":{"type":"branch","line":75,"loc":{"start":{"line":75,"column":29},"end":{"line":82,"column":7}},"locations":[{"start":{"line":75,"column":29},"end":{"line":82,"column":7}}]},"2":{"type":"branch","line":76,"loc":{"start":{"line":76,"column":33},"end":{"line":76,"column":57}},"locations":[{"start":{"line":76,"column":33},"end":{"line":76,"column":57}}]},"3":{"type":"branch","line":23,"loc":{"start":{"line":23,"column":2},"end":{"line":25,"column":7}},"locations":[{"start":{"line":23,"column":2},"end":{"line":25,"column":7}}]}},"b":{"0":[1],"1":[3],"2":[3],"3":[1]},"fnMap":{"0":{"name":"fileIsValid","decl":{"start":{"line":27,"column":2},"end":{"line":48,"column":4}},"loc":{"start":{"line":27,"column":2},"end":{"line":48,"column":4}},"line":27},"1":{"name":"execute","decl":{"start":{"line":50,"column":2},"end":{"line":72,"column":4}},"loc":{"start":{"line":50,"column":2},"end":{"line":72,"column":4}},"line":50},"2":{"name":"getChurn","decl":{"start":{"line":74,"column":2},"end":{"line":83,"column":4}},"loc":{"start":{"line":74,"column":2},"end":{"line":83,"column":4}},"line":74},"3":{"name":"Analytic","decl":{"start":{"line":23,"column":2},"end":{"line":25,"column":7}},"loc":{"start":{"line":23,"column":2},"end":{"line":25,"column":7}},"line":23}},"f":{"0":0,"1":0,"2":1,"3":1}}
,"C:\\exe-code-analytics\\src\\providers\\Complexity.ts": {"path":"C:\\exe-code-analytics\\src\\providers\\Complexity.ts","all":false,"statementMap":{"0":{"start":{"line":1,"column":0},"end":{"line":1,"column":0}},"1":{"start":{"line":2,"column":0},"end":{"line":2,"column":18}},"2":{"start":{"line":3,"column":0},"end":{"line":3,"column":32}},"3":{"start":{"line":4,"column":0},"end":{"line":4,"column":2}},"4":{"start":{"line":5,"column":0},"end":{"line":5,"column":22}},"5":{"start":{"line":6,"column":0},"end":{"line":6,"column":31}},"6":{"start":{"line":7,"column":0},"end":{"line":7,"column":4}},"7":{"start":{"line":8,"column":0},"end":{"line":8,"column":0}},"8":{"start":{"line":9,"column":0},"end":{"line":9,"column":58}},"9":{"start":{"line":10,"column":0},"end":{"line":10,"column":29}},"10":{"start":{"line":11,"column":0},"end":{"line":11,"column":0}},"11":{"start":{"line":12,"column":0},"end":{"line":12,"column":21}},"12":{"start":{"line":13,"column":0},"end":{"line":13,"column":75}},"13":{"start":{"line":14,"column":0},"end":{"line":14,"column":0}},"14":{"start":{"line":15,"column":0},"end":{"line":15,"column":85}},"15":{"start":{"line":16,"column":0},"end":{"line":16,"column":6}},"16":{"start":{"line":17,"column":0},"end":{"line":17,"column":33}},"17":{"start":{"line":18,"column":0},"end":{"line":18,"column":0}},"18":{"start":{"line":19,"column":0},"end":{"line":19,"column":25}},"19":{"start":{"line":20,"column":0},"end":{"line":20,"column":72}},"20":{"start":{"line":21,"column":0},"end":{"line":21,"column":34}},"21":{"start":{"line":22,"column":0},"end":{"line":22,"column":8}},"22":{"start":{"line":23,"column":0},"end":{"line":23,"column":0}},"23":{"start":{"line":24,"column":0},"end":{"line":24,"column":26}},"24":{"start":{"line":25,"column":0},"end":{"line":25,"column":74}},"25":{"start":{"line":26,"column":0},"end":{"line":26,"column":35}},"26":{"start":{"line":27,"column":0},"end":{"line":27,"column":8}},"27":{"start":{"line":28,"column":0},"end":{"line":28,"column":0}},"28":{"start":{"line":29,"column":0},"end":{"line":29,"column":15}},"29":{"start":{"line":30,"column":0},"end":{"line":30,"column":16}},"30":{"start":{"line":31,"column":0},"end":{"line":31,"column":17}},"31":{"start":{"line":32,"column":0},"end":{"line":32,"column":18}},"32":{"start":{"line":33,"column":0},"end":{"line":33,"column":8}},"33":{"start":{"line":34,"column":0},"end":{"line":34,"column":6}},"34":{"start":{"line":35,"column":0},"end":{"line":35,"column":0}},"35":{"start":{"line":36,"column":0},"end":{"line":36,"column":13}},"36":{"start":{"line":37,"column":0},"end":{"line":37,"column":17}},"37":{"start":{"line":38,"column":0},"end":{"line":38,"column":15}},"38":{"start":{"line":39,"column":0},"end":{"line":39,"column":19}},"39":{"start":{"line":40,"column":0},"end":{"line":40,"column":6}},"40":{"start":{"line":41,"column":0},"end":{"line":41,"column":4}},"41":{"start":{"line":42,"column":0},"end":{"line":42,"column":0}},"42":{"start":{"line":43,"column":0},"end":{"line":43,"column":40}},"43":{"start":{"line":44,"column":0},"end":{"line":44,"column":42}},"44":{"start":{"line":45,"column":0},"end":{"line":45,"column":0}},"45":{"start":{"line":46,"column":0},"end":{"line":46,"column":22}},"46":{"start":{"line":47,"column":0},"end":{"line":47,"column":14}},"47":{"start":{"line":48,"column":0},"end":{"line":48,"column":19}},"48":{"start":{"line":49,"column":0},"end":{"line":49,"column":20}},"49":{"start":{"line":50,"column":0},"end":{"line":50,"column":16}},"50":{"start":{"line":51,"column":0},"end":{"line":51,"column":8}},"51":{"start":{"line":52,"column":0},"end":{"line":52,"column":6}},"52":{"start":{"line":53,"column":0},"end":{"line":53,"column":0}},"53":{"start":{"line":54,"column":0},"end":{"line":54,"column":45}},"54":{"start":{"line":55,"column":0},"end":{"line":55,"column":0}},"55":{"start":{"line":56,"column":0},"end":{"line":56,"column":61}},"56":{"start":{"line":57,"column":0},"end":{"line":57,"column":45}},"57":{"start":{"line":58,"column":0},"end":{"line":58,"column":20}},"58":{"start":{"line":59,"column":0},"end":{"line":59,"column":0}},"59":{"start":{"line":60,"column":0},"end":{"line":60,"column":60}},"60":{"start":{"line":61,"column":0},"end":{"line":61,"column":27}},"61":{"start":{"line":62,"column":0},"end":{"line":62,"column":10}},"62":{"start":{"line":63,"column":0},"end":{"line":63,"column":8}},"63":{"start":{"line":64,"column":0},"end":{"line":64,"column":0}},"64":{"start":{"line":65,"column":0},"end":{"line":65,"column":18}},"65":{"start":{"line":66,"column":0},"end":{"line":66,"column":11}},"66":{"start":{"line":67,"column":0},"end":{"line":67,"column":4}},"67":{"start":{"line":68,"column":0},"end":{"line":68,"column":0}},"68":{"start":{"line":69,"column":0},"end":{"line":69,"column":92}},"69":{"start":{"line":70,"column":0},"end":{"line":70,"column":0}},"70":{"start":{"line":71,"column":0},"end":{"line":71,"column":92}},"71":{"start":{"line":72,"column":0},"end":{"line":72,"column":0}},"72":{"start":{"line":73,"column":0},"end":{"line":73,"column":12}},"73":{"start":{"line":74,"column":0},"end":{"line":74,"column":13}},"74":{"start":{"line":75,"column":0},"end":{"line":75,"column":14}},"75":{"start":{"line":76,"column":0},"end":{"line":76,"column":12}},"76":{"start":{"line":77,"column":0},"end":{"line":77,"column":6}},"77":{"start":{"line":78,"column":0},"end":{"line":78,"column":4}},"78":{"start":{"line":79,"column":0},"end":{"line":79,"column":0}},"79":{"start":{"line":80,"column":0},"end":{"line":80,"column":33}},"80":{"start":{"line":81,"column":0},"end":{"line":81,"column":97}},"81":{"start":{"line":82,"column":0},"end":{"line":82,"column":4}},"82":{"start":{"line":83,"column":0},"end":{"line":83,"column":15}},"83":{"start":{"line":84,"column":0},"end":{"line":84,"column":14}},"84":{"start":{"line":85,"column":0},"end":{"line":85,"column":13}},"85":{"start":{"line":86,"column":0},"end":{"line":86,"column":8}},"86":{"start":{"line":87,"column":0},"end":{"line":87,"column":6}},"87":{"start":{"line":88,"column":0},"end":{"line":88,"column":0}},"88":{"start":{"line":89,"column":0},"end":{"line":89,"column":12}},"89":{"start":{"line":90,"column":0},"end":{"line":90,"column":15}},"90":{"start":{"line":91,"column":0},"end":{"line":91,"column":6}},"91":{"start":{"line":92,"column":0},"end":{"line":92,"column":4}},"92":{"start":{"line":93,"column":0},"end":{"line":93,"column":0}},"93":{"start":{"line":94,"column":0},"end":{"line":94,"column":49}},"94":{"start":{"line":95,"column":0},"end":{"line":95,"column":69}},"95":{"start":{"line":96,"column":0},"end":{"line":96,"column":4}},"96":{"start":{"line":97,"column":0},"end":{"line":97,"column":129}},"97":{"start":{"line":98,"column":0},"end":{"line":98,"column":113}},"98":{"start":{"line":99,"column":0},"end":{"line":99,"column":83}},"99":{"start":{"line":100,"column":0},"end":{"line":100,"column":0}},"100":{"start":{"line":101,"column":0},"end":{"line":101,"column":17}},"101":{"start":{"line":102,"column":0},"end":{"line":102,"column":4}},"102":{"start":{"line":103,"column":0},"end":{"line":103,"column":0}},"103":{"start":{"line":104,"column":0},"end":{"line":104,"column":61}},"104":{"start":{"line":105,"column":0},"end":{"line":105,"column":61}},"105":{"start":{"line":106,"column":0},"end":{"line":106,"column":0}},"106":{"start":{"line":107,"column":0},"end":{"line":107,"column":73}},"107":{"start":{"line":108,"column":0},"end":{"line":108,"column":15}},"108":{"start":{"line":109,"column":0},"end":{"line":109,"column":54}},"109":{"start":{"line":110,"column":0},"end":{"line":110,"column":41}},"110":{"start":{"line":111,"column":0},"end":{"line":111,"column":6}},"111":{"start":{"line":112,"column":0},"end":{"line":112,"column":0}},"112":{"start":{"line":113,"column":0},"end":{"line":113,"column":13}},"113":{"start":{"line":114,"column":0},"end":{"line":114,"column":4}},"114":{"start":{"line":115,"column":0},"end":{"line":115,"column":0}},"115":{"start":{"line":116,"column":0},"end":{"line":116,"column":52}},"116":{"start":{"line":117,"column":0},"end":{"line":117,"column":185}},"117":{"start":{"line":118,"column":0},"end":{"line":118,"column":75}},"118":{"start":{"line":119,"column":0},"end":{"line":119,"column":84}},"119":{"start":{"line":120,"column":0},"end":{"line":120,"column":85}},"120":{"start":{"line":121,"column":0},"end":{"line":121,"column":87}},"121":{"start":{"line":122,"column":0},"end":{"line":122,"column":0}},"122":{"start":{"line":123,"column":0},"end":{"line":123,"column":30}},"123":{"start":{"line":124,"column":0},"end":{"line":124,"column":4}},"124":{"start":{"line":125,"column":0},"end":{"line":125,"column":0}},"125":{"start":{"line":126,"column":0},"end":{"line":126,"column":85}},"126":{"start":{"line":127,"column":0},"end":{"line":127,"column":52}},"127":{"start":{"line":128,"column":0},"end":{"line":128,"column":65}},"128":{"start":{"line":129,"column":0},"end":{"line":129,"column":39}},"129":{"start":{"line":130,"column":0},"end":{"line":130,"column":27}},"130":{"start":{"line":131,"column":0},"end":{"line":131,"column":23}},"131":{"start":{"line":132,"column":0},"end":{"line":132,"column":8}},"132":{"start":{"line":133,"column":0},"end":{"line":133,"column":0}},"133":{"start":{"line":134,"column":0},"end":{"line":134,"column":65}},"134":{"start":{"line":135,"column":0},"end":{"line":135,"column":27}},"135":{"start":{"line":136,"column":0},"end":{"line":136,"column":71}},"136":{"start":{"line":137,"column":0},"end":{"line":137,"column":25}},"137":{"start":{"line":138,"column":0},"end":{"line":138,"column":8}},"138":{"start":{"line":139,"column":0},"end":{"line":139,"column":0}},"139":{"start":{"line":140,"column":0},"end":{"line":140,"column":18}},"140":{"start":{"line":141,"column":0},"end":{"line":141,"column":8}},"141":{"start":{"line":142,"column":0},"end":{"line":142,"column":17}},"142":{"start":{"line":143,"column":0},"end":{"line":143,"column":15}},"143":{"start":{"line":144,"column":0},"end":{"line":144,"column":21}},"144":{"start":{"line":145,"column":0},"end":{"line":145,"column":7}},"145":{"start":{"line":146,"column":0},"end":{"line":146,"column":0}},"146":{"start":{"line":147,"column":0},"end":{"line":147,"column":23}},"147":{"start":{"line":148,"column":0},"end":{"line":148,"column":31}},"148":{"start":{"line":149,"column":0},"end":{"line":149,"column":6}},"149":{"start":{"line":150,"column":0},"end":{"line":150,"column":0}},"150":{"start":{"line":151,"column":0},"end":{"line":151,"column":23}},"151":{"start":{"line":152,"column":0},"end":{"line":152,"column":4}},"152":{"start":{"line":153,"column":0},"end":{"line":153,"column":0}},"153":{"start":{"line":154,"column":0},"end":{"line":154,"column":44}},"154":{"start":{"line":155,"column":0},"end":{"line":155,"column":52}},"155":{"start":{"line":156,"column":0},"end":{"line":156,"column":19}},"156":{"start":{"line":157,"column":0},"end":{"line":157,"column":17}},"157":{"start":{"line":158,"column":0},"end":{"line":158,"column":24}},"158":{"start":{"line":159,"column":0},"end":{"line":159,"column":0}},"159":{"start":{"line":160,"column":0},"end":{"line":160,"column":31}},"160":{"start":{"line":161,"column":0},"end":{"line":161,"column":40}},"161":{"start":{"line":162,"column":0},"end":{"line":162,"column":18}},"162":{"start":{"line":163,"column":0},"end":{"line":163,"column":41}},"163":{"start":{"line":164,"column":0},"end":{"line":164,"column":12}},"164":{"start":{"line":165,"column":0},"end":{"line":165,"column":0}},"165":{"start":{"line":166,"column":0},"end":{"line":166,"column":32}},"166":{"start":{"line":167,"column":0},"end":{"line":167,"column":16}},"167":{"start":{"line":168,"column":0},"end":{"line":168,"column":17}},"168":{"start":{"line":169,"column":0},"end":{"line":169,"column":22}},"169":{"start":{"line":170,"column":0},"end":{"line":170,"column":38}},"170":{"start":{"line":171,"column":0},"end":{"line":171,"column":16}},"171":{"start":{"line":172,"column":0},"end":{"line":172,"column":16}},"172":{"start":{"line":173,"column":0},"end":{"line":173,"column":16}},"173":{"start":{"line":174,"column":0},"end":{"line":174,"column":8}},"174":{"start":{"line":175,"column":0},"end":{"line":175,"column":0}},"175":{"start":{"line":176,"column":0},"end":{"line":176,"column":9}},"176":{"start":{"line":177,"column":0},"end":{"line":177,"column":31}},"177":{"start":{"line":178,"column":0},"end":{"line":178,"column":39}},"178":{"start":{"line":179,"column":0},"end":{"line":179,"column":9}},"179":{"start":{"line":180,"column":0},"end":{"line":180,"column":42}},"180":{"start":{"line":181,"column":0},"end":{"line":181,"column":8}},"181":{"start":{"line":182,"column":0},"end":{"line":182,"column":0}},"182":{"start":{"line":183,"column":0},"end":{"line":183,"column":9}},"183":{"start":{"line":184,"column":0},"end":{"line":184,"column":46}},"184":{"start":{"line":185,"column":0},"end":{"line":185,"column":33}},"185":{"start":{"line":186,"column":0},"end":{"line":186,"column":9}},"186":{"start":{"line":187,"column":0},"end":{"line":187,"column":28}},"187":{"start":{"line":188,"column":0},"end":{"line":188,"column":31}},"188":{"start":{"line":189,"column":0},"end":{"line":189,"column":42}},"189":{"start":{"line":190,"column":0},"end":{"line":190,"column":38}},"190":{"start":{"line":191,"column":0},"end":{"line":191,"column":53}},"191":{"start":{"line":192,"column":0},"end":{"line":192,"column":11}},"192":{"start":{"line":193,"column":0},"end":{"line":193,"column":47}},"193":{"start":{"line":194,"column":0},"end":{"line":194,"column":53}},"194":{"start":{"line":195,"column":0},"end":{"line":195,"column":11}},"195":{"start":{"line":196,"column":0},"end":{"line":196,"column":40}},"196":{"start":{"line":197,"column":0},"end":{"line":197,"column":30}},"197":{"start":{"line":198,"column":0},"end":{"line":198,"column":18}},"198":{"start":{"line":199,"column":0},"end":{"line":199,"column":56}},"199":{"start":{"line":200,"column":0},"end":{"line":200,"column":51}},"200":{"start":{"line":201,"column":0},"end":{"line":201,"column":11}},"201":{"start":{"line":202,"column":0},"end":{"line":202,"column":30}},"202":{"start":{"line":203,"column":0},"end":{"line":203,"column":10}},"203":{"start":{"line":204,"column":0},"end":{"line":204,"column":42}},"204":{"start":{"line":205,"column":0},"end":{"line":205,"column":27}},"205":{"start":{"line":206,"column":0},"end":{"line":206,"column":8}},"206":{"start":{"line":207,"column":0},"end":{"line":207,"column":0}},"207":{"start":{"line":208,"column":0},"end":{"line":208,"column":18}},"208":{"start":{"line":209,"column":0},"end":{"line":209,"column":8}},"209":{"start":{"line":210,"column":0},"end":{"line":210,"column":23}},"210":{"start":{"line":211,"column":0},"end":{"line":211,"column":24}},"211":{"start":{"line":212,"column":0},"end":{"line":212,"column":23}},"212":{"start":{"line":213,"column":0},"end":{"line":213,"column":29}},"213":{"start":{"line":214,"column":0},"end":{"line":214,"column":31}},"214":{"start":{"line":215,"column":0},"end":{"line":215,"column":16}},"215":{"start":{"line":216,"column":0},"end":{"line":216,"column":14}},"216":{"start":{"line":217,"column":0},"end":{"line":217,"column":17}},"217":{"start":{"line":218,"column":0},"end":{"line":218,"column":18}},"218":{"start":{"line":219,"column":0},"end":{"line":219,"column":31}},"219":{"start":{"line":220,"column":0},"end":{"line":220,"column":7}},"220":{"start":{"line":221,"column":0},"end":{"line":221,"column":4}},"221":{"start":{"line":222,"column":0},"end":{"line":222,"column":12}},"222":{"start":{"line":223,"column":0},"end":{"line":223,"column":49}},"223":{"start":{"line":224,"column":0},"end":{"line":224,"column":50}},"224":{"start":{"line":225,"column":0},"end":{"line":225,"column":77}},"225":{"start":{"line":226,"column":0},"end":{"line":226,"column":6}},"226":{"start":{"line":227,"column":0},"end":{"line":227,"column":4}},"227":{"start":{"line":228,"column":0},"end":{"line":228,"column":2}},"228":{"start":{"line":229,"column":0},"end":{"line":229,"column":0}},"229":{"start":{"line":230,"column":0},"end":{"line":230,"column":22}}},"s":{"0":1,"1":1,"2":1,"3":1,"4":1,"5":0,"6":0,"7":1,"8":1,"9":62,"10":62,"11":62,"12":62,"13":62,"14":62,"15":62,"16":62,"17":62,"18":62,"19":29,"20":29,"21":29,"22":62,"23":62,"24":29,"25":29,"26":29,"27":62,"28":62,"29":62,"30":62,"31":62,"32":62,"33":62,"34":0,"35":0,"36":0,"37":0,"38":0,"39":0,"40":0,"41":1,"42":1,"43":62,"44":62,"45":62,"46":33,"47":33,"48":33,"49":33,"50":33,"51":33,"52":29,"53":29,"54":29,"55":29,"56":96,"57":67,"58":67,"59":67,"60":38,"61":38,"62":67,"63":96,"64":96,"65":29,"66":29,"67":29,"68":29,"69":29,"70":29,"71":29,"72":29,"73":29,"74":29,"75":29,"76":29,"77":29,"78":1,"79":1,"80":62,"81":62,"82":62,"83":29,"84":29,"85":29,"86":29,"87":33,"88":33,"89":33,"90":33,"91":33,"92":1,"93":1,"94":4,"95":4,"96":4,"97":4,"98":4,"99":4,"100":4,"101":4,"102":1,"103":1,"104":29,"105":29,"106":29,"107":25,"108":29,"109":4,"110":4,"111":0,"112":0,"113":0,"114":1,"115":1,"116":5,"117":5,"118":5,"119":5,"120":5,"121":5,"122":5,"123":5,"124":1,"125":1,"126":20,"127":28903,"128":98,"129":98,"130":98,"131":98,"132":28903,"133":28903,"134":28308,"135":28903,"136":497,"137":497,"138":28903,"139":28903,"140":20,"141":20,"142":20,"143":20,"144":20,"145":20,"146":20,"147":2,"148":2,"149":20,"150":20,"151":20,"152":1,"153":1,"154":36,"155":37974,"156":37974,"157":315,"158":315,"159":315,"160":36,"161":315,"162":279,"163":279,"164":315,"165":315,"166":315,"167":37974,"168":283,"169":283,"170":283,"171":37974,"172":37376,"173":37974,"174":37974,"175":37974,"176":37974,"177":37974,"178":37974,"179":3538,"180":3538,"181":37974,"182":37974,"183":37974,"184":4457,"185":37974,"186":36,"187":36,"188":36,"189":36,"190":37974,"191":33517,"192":33517,"193":33517,"194":33517,"195":30358,"196":30358,"197":33517,"198":3159,"199":1321,"200":3159,"201":1316,"202":1316,"203":37938,"204":4421,"205":4421,"206":37974,"207":37974,"208":36,"209":36,"210":36,"211":36,"212":36,"213":36,"214":36,"215":36,"216":36,"217":36,"218":36,"219":36,"220":36,"221":36,"222":36,"223":36,"224":36,"225":36,"226":36,"227":1,"228":1,"229":1},"branchMap":{"0":{"type":"branch","line":9,"loc":{"start":{"line":9,"column":9},"end":{"line":41,"column":4}},"locations":[{"start":{"line":9,"column":9},"end":{"line":41,"column":4}}]},"1":{"type":"branch","line":13,"loc":{"start":{"line":13,"column":29},"end":{"line":13,"column":69}},"locations":[{"start":{"line":13,"column":29},"end":{"line":13,"column":69}}]},"2":{"type":"branch","line":13,"loc":{"start":{"line":13,"column":69},"end":{"line":13,"column":74}},"locations":[{"start":{"line":13,"column":69},"end":{"line":13,"column":74}}]},"3":{"type":"branch","line":19,"loc":{"start":{"line":19,"column":24},"end":{"line":22,"column":8}},"locations":[{"start":{"line":19,"column":24},"end":{"line":22,"column":8}}]},"4":{"type":"branch","line":24,"loc":{"start":{"line":24,"column":25},"end":{"line":27,"column":8}},"locations":[{"start":{"line":24,"column":25},"end":{"line":27,"column":8}}]},"5":{"type":"branch","line":34,"loc":{"start":{"line":34,"column":5},"end":{"line":41,"column":4}},"locations":[{"start":{"line":34,"column":5},"end":{"line":41,"column":4}}]},"6":{"type":"branch","line":43,"loc":{"start":{"line":43,"column":9},"end":{"line":78,"column":4}},"locations":[{"start":{"line":43,"column":9},"end":{"line":78,"column":4}}]},"7":{"type":"branch","line":46,"loc":{"start":{"line":46,"column":21},"end":{"line":52,"column":6}},"locations":[{"start":{"line":46,"column":21},"end":{"line":52,"column":6}}]},"8":{"type":"branch","line":52,"loc":{"start":{"line":52,"column":5},"end":{"line":78,"column":4}},"locations":[{"start":{"line":52,"column":5},"end":{"line":78,"column":4}}]},"9":{"type":"branch","line":56,"loc":{"start":{"line":56,"column":42},"end":{"line":66,"column":7}},"locations":[{"start":{"line":56,"column":42},"end":{"line":66,"column":7}}]},"10":{"type":"branch","line":57,"loc":{"start":{"line":57,"column":14},"end":{"line":57,"column":42}},"locations":[{"start":{"line":57,"column":14},"end":{"line":57,"column":42}}]},"11":{"type":"branch","line":57,"loc":{"start":{"line":57,"column":44},"end":{"line":63,"column":8}},"locations":[{"start":{"line":57,"column":44},"end":{"line":63,"column":8}}]},"12":{"type":"branch","line":60,"loc":{"start":{"line":60,"column":27},"end":{"line":60,"column":57}},"locations":[{"start":{"line":60,"column":27},"end":{"line":60,"column":57}}]},"13":{"type":"branch","line":60,"loc":{"start":{"line":60,"column":59},"end":{"line":62,"column":10}},"locations":[{"start":{"line":60,"column":59},"end":{"line":62,"column":10}}]},"14":{"type":"branch","line":80,"loc":{"start":{"line":80,"column":9},"end":{"line":92,"column":4}},"locations":[{"start":{"line":80,"column":9},"end":{"line":92,"column":4}}]},"15":{"type":"branch","line":83,"loc":{"start":{"line":83,"column":14},"end":{"line":87,"column":6}},"locations":[{"start":{"line":83,"column":14},"end":{"line":87,"column":6}}]},"16":{"type":"branch","line":87,"loc":{"start":{"line":87,"column":5},"end":{"line":92,"column":4}},"locations":[{"start":{"line":87,"column":5},"end":{"line":92,"column":4}}]},"17":{"type":"branch","line":94,"loc":{"start":{"line":94,"column":9},"end":{"line":102,"column":4}},"locations":[{"start":{"line":94,"column":9},"end":{"line":102,"column":4}}]},"18":{"type":"branch","line":99,"loc":{"start":{"line":99,"column":41},"end":{"line":99,"column":44}},"locations":[{"start":{"line":99,"column":41},"end":{"line":99,"column":44}}]},"19":{"type":"branch","line":99,"loc":{"start":{"line":99,"column":69},"end":{"line":99,"column":72}},"locations":[{"start":{"line":99,"column":69},"end":{"line":99,"column":72}}]},"20":{"type":"branch","line":104,"loc":{"start":{"line":104,"column":9},"end":{"line":114,"column":4}},"locations":[{"start":{"line":104,"column":9},"end":{"line":114,"column":4}}]},"21":{"type":"branch","line":107,"loc":{"start":{"line":107,"column":30},"end":{"line":107,"column":58}},"locations":[{"start":{"line":107,"column":30},"end":{"line":107,"column":58}}]},"22":{"type":"branch","line":107,"loc":{"start":{"line":107,"column":59},"end":{"line":107,"column":70}},"locations":[{"start":{"line":107,"column":59},"end":{"line":107,"column":70}}]},"23":{"type":"branch","line":107,"loc":{"start":{"line":107,"column":72},"end":{"line":109,"column":11}},"locations":[{"start":{"line":107,"column":72},"end":{"line":109,"column":11}}]},"24":{"type":"branch","line":109,"loc":{"start":{"line":109,"column":5},"end":{"line":111,"column":6}},"locations":[{"start":{"line":109,"column":5},"end":{"line":111,"column":6}}]},"25":{"type":"branch","line":111,"loc":{"start":{"line":111,"column":5},"end":{"line":114,"column":4}},"locations":[{"start":{"line":111,"column":5},"end":{"line":114,"column":4}}]},"26":{"type":"branch","line":116,"loc":{"start":{"line":116,"column":9},"end":{"line":124,"column":4}},"locations":[{"start":{"line":116,"column":9},"end":{"line":124,"column":4}}]},"27":{"type":"branch","line":126,"loc":{"start":{"line":126,"column":9},"end":{"line":152,"column":4}},"locations":[{"start":{"line":126,"column":9},"end":{"line":152,"column":4}}]},"28":{"type":"branch","line":147,"loc":{"start":{"line":147,"column":22},"end":{"line":149,"column":6}},"locations":[{"start":{"line":147,"column":22},"end":{"line":149,"column":6}}]},"29":{"type":"branch","line":127,"loc":{"start":{"line":127,"column":36},"end":{"line":141,"column":7}},"locations":[{"start":{"line":127,"column":36},"end":{"line":141,"column":7}}]},"30":{"type":"branch","line":128,"loc":{"start":{"line":128,"column":20},"end":{"line":128,"column":61}},"locations":[{"start":{"line":128,"column":20},"end":{"line":128,"column":61}}]},"31":{"type":"branch","line":128,"loc":{"start":{"line":128,"column":37},"end":{"line":128,"column":61}},"locations":[{"start":{"line":128,"column":37},"end":{"line":128,"column":61}}]},"32":{"type":"branch","line":128,"loc":{"start":{"line":128,"column":64},"end":{"line":132,"column":8}},"locations":[{"start":{"line":128,"column":64},"end":{"line":132,"column":8}}]},"33":{"type":"branch","line":134,"loc":{"start":{"line":134,"column":23},"end":{"line":134,"column":38}},"locations":[{"start":{"line":134,"column":23},"end":{"line":134,"column":38}}]},"34":{"type":"branch","line":134,"loc":{"start":{"line":134,"column":38},"end":{"line":134,"column":62}},"locations":[{"start":{"line":134,"column":38},"end":{"line":134,"column":62}}]},"35":{"type":"branch","line":134,"loc":{"start":{"line":134,"column":64},"end":{"line":136,"column":13}},"locations":[{"start":{"line":134,"column":64},"end":{"line":136,"column":13}}]},"36":{"type":"branch","line":136,"loc":{"start":{"line":136,"column":7},"end":{"line":138,"column":8}},"locations":[{"start":{"line":136,"column":7},"end":{"line":138,"column":8}}]},"37":{"type":"branch","line":136,"loc":{"start":{"line":136,"column":29},"end":{"line":136,"column":44}},"locations":[{"start":{"line":136,"column":29},"end":{"line":136,"column":44}}]},"38":{"type":"branch","line":136,"loc":{"start":{"line":136,"column":44},"end":{"line":136,"column":68}},"locations":[{"start":{"line":136,"column":44},"end":{"line":136,"column":68}}]},"39":{"type":"branch","line":136,"loc":{"start":{"line":136,"column":70},"end":{"line":138,"column":8}},"locations":[{"start":{"line":136,"column":70},"end":{"line":138,"column":8}}]},"40":{"type":"branch","line":154,"loc":{"start":{"line":154,"column":9},"end":{"line":227,"column":4}},"locations":[{"start":{"line":154,"column":9},"end":{"line":227,"column":4}}]},"41":{"type":"branch","line":155,"loc":{"start":{"line":155,"column":36},"end":{"line":209,"column":7}},"locations":[{"start":{"line":155,"column":36},"end":{"line":209,"column":7}}]},"42":{"type":"branch","line":157,"loc":{"start":{"line":157,"column":8},"end":{"line":167,"column":16}},"locations":[{"start":{"line":157,"column":8},"end":{"line":167,"column":16}}]},"43":{"type":"branch","line":160,"loc":{"start":{"line":160,"column":30},"end":{"line":162,"column":17}},"locations":[{"start":{"line":160,"column":30},"end":{"line":162,"column":17}}]},"44":{"type":"branch","line":162,"loc":{"start":{"line":162,"column":11},"end":{"line":164,"column":12}},"locations":[{"start":{"line":162,"column":11},"end":{"line":164,"column":12}}]},"45":{"type":"branch","line":168,"loc":{"start":{"line":168,"column":8},"end":{"line":171,"column":16}},"locations":[{"start":{"line":168,"column":8},"end":{"line":171,"column":16}}]},"46":{"type":"branch","line":172,"loc":{"start":{"line":172,"column":8},"end":{"line":173,"column":16}},"locations":[{"start":{"line":172,"column":8},"end":{"line":173,"column":16}}]},"47":{"type":"branch","line":177,"loc":{"start":{"line":177,"column":28},"end":{"line":178,"column":19}},"locations":[{"start":{"line":177,"column":28},"end":{"line":178,"column":19}}]},"48":{"type":"branch","line":178,"loc":{"start":{"line":178,"column":19},"end":{"line":178,"column":39}},"locations":[{"start":{"line":178,"column":19},"end":{"line":178,"column":39}}]},"49":{"type":"branch","line":179,"loc":{"start":{"line":179,"column":8},"end":{"line":181,"column":8}},"locations":[{"start":{"line":179,"column":8},"end":{"line":181,"column":8}}]},"50":{"type":"branch","line":184,"loc":{"start":{"line":184,"column":22},"end":{"line":184,"column":42}},"locations":[{"start":{"line":184,"column":22},"end":{"line":184,"column":42}}]},"51":{"type":"branch","line":184,"loc":{"start":{"line":184,"column":42},"end":{"line":185,"column":33}},"locations":[{"start":{"line":184,"column":42},"end":{"line":185,"column":33}}]},"52":{"type":"branch","line":186,"loc":{"start":{"line":186,"column":8},"end":{"line":191,"column":13}},"locations":[{"start":{"line":186,"column":8},"end":{"line":191,"column":13}}]},"53":{"type":"branch","line":191,"loc":{"start":{"line":191,"column":7},"end":{"line":206,"column":8}},"locations":[{"start":{"line":191,"column":7},"end":{"line":206,"column":8}}]},"54":{"type":"branch","line":191,"loc":{"start":{"line":191,"column":31},"end":{"line":191,"column":50}},"locations":[{"start":{"line":191,"column":31},"end":{"line":191,"column":50}}]},"55":{"type":"branch","line":191,"loc":{"start":{"line":191,"column":52},"end":{"line":204,"column":13}},"locations":[{"start":{"line":191,"column":52},"end":{"line":204,"column":13}}]},"56":{"type":"branch","line":193,"loc":{"start":{"line":193,"column":43},"end":{"line":194,"column":34}},"locations":[{"start":{"line":193,"column":43},"end":{"line":194,"column":34}}]},"57":{"type":"branch","line":194,"loc":{"start":{"line":194,"column":34},"end":{"line":194,"column":53}},"locations":[{"start":{"line":194,"column":34},"end":{"line":194,"column":53}}]},"58":{"type":"branch","line":195,"loc":{"start":{"line":195,"column":10},"end":{"line":198,"column":15}},"locations":[{"start":{"line":195,"column":10},"end":{"line":198,"column":15}}]},"59":{"type":"branch","line":198,"loc":{"start":{"line":198,"column":9},"end":{"line":203,"column":10}},"locations":[{"start":{"line":198,"column":9},"end":{"line":203,"column":10}}]},"60":{"type":"branch","line":199,"loc":{"start":{"line":199,"column":33},"end":{"line":199,"column":52}},"locations":[{"start":{"line":199,"column":33},"end":{"line":199,"column":52}}]},"61":{"type":"branch","line":199,"loc":{"start":{"line":199,"column":52},"end":{"line":200,"column":51}},"locations":[{"start":{"line":199,"column":52},"end":{"line":200,"column":51}}]},"62":{"type":"branch","line":200,"loc":{"start":{"line":200,"column":22},"end":{"line":200,"column":50}},"locations":[{"start":{"line":200,"column":22},"end":{"line":200,"column":50}}]},"63":{"type":"branch","line":201,"loc":{"start":{"line":201,"column":10},"end":{"line":203,"column":10}},"locations":[{"start":{"line":201,"column":10},"end":{"line":203,"column":10}}]},"64":{"type":"branch","line":204,"loc":{"start":{"line":204,"column":7},"end":{"line":206,"column":8}},"locations":[{"start":{"line":204,"column":7},"end":{"line":206,"column":8}}]}},"b":{"0":[62],"1":[4],"2":[58],"3":[29],"4":[29],"5":[0],"6":[62],"7":[33],"8":[29],"9":[96],"10":[29],"11":[67],"12":[54],"13":[38],"14":[62],"15":[29],"16":[33],"17":[4],"18":[0],"19":[0],"20":[29],"21":[4],"22":[25],"23":[25],"24":[4],"25":[0],"26":[5],"27":[20],"28":[2],"29":[28903],"30":[28805],"31":[0],"32":[98],"33":[28356],"34":[28308],"35":[28308],"36":[595],"37":[547],"38":[497],"39":[497],"40":[36],"41":[37974],"42":[315],"43":[36],"44":[279],"45":[283],"46":[37376],"47":[11983],"48":[11700],"49":[3538],"50":[36694],"51":[4457],"52":[36],"53":[37938],"54":[5701],"55":[33517],"56":[32196],"57":[31638],"58":[30358],"59":[3159],"60":[2601],"61":[1321],"62":[5],"63":[1316],"64":[4421]},"fnMap":{"0":{"name":"toggleLog","decl":{"start":{"line":5,"column":9},"end":{"line":7,"column":4}},"loc":{"start":{"line":5,"column":9},"end":{"line":7,"column":4}},"line":5},"1":{"name":"calc","decl":{"start":{"line":9,"column":9},"end":{"line":41,"column":4}},"loc":{"start":{"line":9,"column":9},"end":{"line":41,"column":4}},"line":9},"2":{"name":"getBlockContent","decl":{"start":{"line":43,"column":9},"end":{"line":78,"column":4}},"loc":{"start":{"line":43,"column":9},"end":{"line":78,"column":4}},"line":43},"3":{"name":"getBlock","decl":{"start":{"line":80,"column":9},"end":{"line":92,"column":4}},"loc":{"start":{"line":80,"column":9},"end":{"line":92,"column":4}},"line":80},"4":{"name":"countSwitchCases","decl":{"start":{"line":94,"column":9},"end":{"line":102,"column":4}},"loc":{"start":{"line":94,"column":9},"end":{"line":102,"column":4}},"line":94},"5":{"name":"getBlockValue","decl":{"start":{"line":104,"column":9},"end":{"line":114,"column":4}},"loc":{"start":{"line":104,"column":9},"end":{"line":114,"column":4}},"line":104},"6":{"name":"removeStringsAndRegexsSpace","decl":{"start":{"line":116,"column":9},"end":{"line":124,"column":4}},"loc":{"start":{"line":116,"column":9},"end":{"line":124,"column":4}},"line":116},"7":{"name":"removeBlockOfStringSpace","decl":{"start":{"line":126,"column":9},"end":{"line":152,"column":4}},"loc":{"start":{"line":126,"column":9},"end":{"line":152,"column":4}},"line":126},"8":{"name":"data.reduce.result","decl":{"start":{"line":127,"column":36},"end":{"line":141,"column":7}},"loc":{"start":{"line":127,"column":36},"end":{"line":141,"column":7}},"line":127},"9":{"name":"removeInvalidBlocks","decl":{"start":{"line":154,"column":9},"end":{"line":227,"column":4}},"loc":{"start":{"line":154,"column":9},"end":{"line":227,"column":4}},"line":154},"10":{"name":"data.reduce.isStarted","decl":{"start":{"line":155,"column":36},"end":{"line":209,"column":7}},"loc":{"start":{"line":155,"column":36},"end":{"line":209,"column":7}},"line":155}},"f":{"0":0,"1":62,"2":62,"3":62,"4":4,"5":29,"6":5,"7":20,"8":28903,"9":36,"10":37974}}
,"C:\\exe-code-analytics\\src\\providers\\Scan.ts": {"path":"C:\\exe-code-analytics\\src\\providers\\Scan.ts","all":false,"statementMap":{"0":{"start":{"line":1,"column":0},"end":{"line":1,"column":57}},"1":{"start":{"line":2,"column":0},"end":{"line":2,"column":42}},"2":{"start":{"line":3,"column":0},"end":{"line":3,"column":0}},"3":{"start":{"line":4,"column":0},"end":{"line":4,"column":12}},"4":{"start":{"line":5,"column":0},"end":{"line":5,"column":33}},"5":{"start":{"line":6,"column":0},"end":{"line":6,"column":42}},"6":{"start":{"line":7,"column":0},"end":{"line":7,"column":4}},"7":{"start":{"line":8,"column":0},"end":{"line":8,"column":12}},"8":{"start":{"line":9,"column":0},"end":{"line":9,"column":36}},"9":{"start":{"line":10,"column":0},"end":{"line":10,"column":18}},"10":{"start":{"line":11,"column":0},"end":{"line":11,"column":18}},"11":{"start":{"line":12,"column":0},"end":{"line":12,"column":19}},"12":{"start":{"line":13,"column":0},"end":{"line":13,"column":6}},"13":{"start":{"line":14,"column":0},"end":{"line":14,"column":4}},"14":{"start":{"line":15,"column":0},"end":{"line":15,"column":0}},"15":{"start":{"line":16,"column":0},"end":{"line":16,"column":31}},"16":{"start":{"line":17,"column":0},"end":{"line":17,"column":42}},"17":{"start":{"line":18,"column":0},"end":{"line":18,"column":45}},"18":{"start":{"line":19,"column":0},"end":{"line":19,"column":45}},"19":{"start":{"line":20,"column":0},"end":{"line":20,"column":0}},"20":{"start":{"line":21,"column":0},"end":{"line":21,"column":12}},"21":{"start":{"line":22,"column":0},"end":{"line":22,"column":36}},"22":{"start":{"line":23,"column":0},"end":{"line":23,"column":14}},"23":{"start":{"line":24,"column":0},"end":{"line":24,"column":14}},"24":{"start":{"line":25,"column":0},"end":{"line":25,"column":50}},"25":{"start":{"line":26,"column":0},"end":{"line":26,"column":6}},"26":{"start":{"line":27,"column":0},"end":{"line":27,"column":4}},"27":{"start":{"line":28,"column":0},"end":{"line":28,"column":0}},"28":{"start":{"line":29,"column":0},"end":{"line":29,"column":35}},"29":{"start":{"line":30,"column":0},"end":{"line":30,"column":32}},"30":{"start":{"line":31,"column":0},"end":{"line":31,"column":267}},"31":{"start":{"line":32,"column":0},"end":{"line":32,"column":66}},"32":{"start":{"line":33,"column":0},"end":{"line":33,"column":3}},"33":{"start":{"line":34,"column":0},"end":{"line":34,"column":67}},"34":{"start":{"line":35,"column":0},"end":{"line":35,"column":4}},"35":{"start":{"line":36,"column":0},"end":{"line":36,"column":0}},"36":{"start":{"line":37,"column":0},"end":{"line":37,"column":35}},"37":{"start":{"line":38,"column":0},"end":{"line":38,"column":32}},"38":{"start":{"line":39,"column":0},"end":{"line":39,"column":185}},"39":{"start":{"line":40,"column":0},"end":{"line":40,"column":67}},"40":{"start":{"line":41,"column":0},"end":{"line":41,"column":4}},"41":{"start":{"line":42,"column":0},"end":{"line":42,"column":0}},"42":{"start":{"line":43,"column":0},"end":{"line":43,"column":41}},"43":{"start":{"line":44,"column":0},"end":{"line":44,"column":32}},"44":{"start":{"line":45,"column":0},"end":{"line":45,"column":139}},"45":{"start":{"line":46,"column":0},"end":{"line":46,"column":69}},"46":{"start":{"line":47,"column":0},"end":{"line":47,"column":4}},"47":{"start":{"line":48,"column":0},"end":{"line":48,"column":0}},"48":{"start":{"line":49,"column":0},"end":{"line":49,"column":48}},"49":{"start":{"line":50,"column":0},"end":{"line":50,"column":31}},"50":{"start":{"line":51,"column":0},"end":{"line":51,"column":34}},"51":{"start":{"line":52,"column":0},"end":{"line":52,"column":137}},"52":{"start":{"line":53,"column":0},"end":{"line":53,"column":0}},"53":{"start":{"line":54,"column":0},"end":{"line":54,"column":34}},"54":{"start":{"line":55,"column":0},"end":{"line":55,"column":21}},"55":{"start":{"line":56,"column":0},"end":{"line":56,"column":8}},"56":{"start":{"line":57,"column":0},"end":{"line":57,"column":0}},"57":{"start":{"line":58,"column":0},"end":{"line":58,"column":18}},"58":{"start":{"line":59,"column":0},"end":{"line":59,"column":7}},"59":{"start":{"line":60,"column":0},"end":{"line":60,"column":4}},"60":{"start":{"line":61,"column":0},"end":{"line":61,"column":0}},"61":{"start":{"line":62,"column":0},"end":{"line":62,"column":33}},"62":{"start":{"line":63,"column":0},"end":{"line":63,"column":32}},"63":{"start":{"line":64,"column":0},"end":{"line":64,"column":61}},"64":{"start":{"line":65,"column":0},"end":{"line":65,"column":33}},"65":{"start":{"line":66,"column":0},"end":{"line":66,"column":4}},"66":{"start":{"line":67,"column":0},"end":{"line":67,"column":2}},"67":{"start":{"line":68,"column":0},"end":{"line":68,"column":0}},"68":{"start":{"line":69,"column":0},"end":{"line":69,"column":16}}},"s":{"0":1,"1":1,"2":1,"3":1,"4":1,"5":0,"6":0,"7":0,"8":0,"9":0,"10":0,"11":0,"12":0,"13":0,"14":1,"15":1,"16":0,"17":0,"18":0,"19":0,"20":0,"21":0,"22":0,"23":0,"24":0,"25":0,"26":0,"27":1,"28":1,"29":0,"30":0,"31":0,"32":0,"33":0,"34":0,"35":1,"36":1,"37":0,"38":0,"39":0,"40":0,"41":1,"42":1,"43":0,"44":0,"45":0,"46":0,"47":1,"48":1,"49":0,"50":0,"51":0,"52":0,"53":0,"54":0,"55":0,"56":0,"57":0,"58":0,"59":0,"60":1,"61":1,"62":0,"63":0,"64":0,"65":0,"66":1,"67":1,"68":1},"branchMap":{},"b":{},"fnMap":{"0":{"name":"getBasic","decl":{"start":{"line":5,"column":9},"end":{"line":14,"column":4}},"loc":{"start":{"line":5,"column":9},"end":{"line":14,"column":4}},"line":5},"1":{"name":"getAll","decl":{"start":{"line":16,"column":9},"end":{"line":27,"column":4}},"loc":{"start":{"line":16,"column":9},"end":{"line":27,"column":4}},"line":16},"2":{"name":"getMethods","decl":{"start":{"line":29,"column":9},"end":{"line":35,"column":4}},"loc":{"start":{"line":29,"column":9},"end":{"line":35,"column":4}},"line":29},"3":{"name":"getClasses","decl":{"start":{"line":37,"column":9},"end":{"line":41,"column":4}},"loc":{"start":{"line":37,"column":9},"end":{"line":41,"column":4}},"line":37},"4":{"name":"getSpecialBlocks","decl":{"start":{"line":43,"column":9},"end":{"line":47,"column":4}},"loc":{"start":{"line":43,"column":9},"end":{"line":47,"column":4}},"line":43},"5":{"name":"removeSpecialBlocks","decl":{"start":{"line":49,"column":9},"end":{"line":60,"column":4}},"loc":{"start":{"line":49,"column":9},"end":{"line":60,"column":4}},"line":49},"6":{"name":"getLines","decl":{"start":{"line":62,"column":9},"end":{"line":66,"column":4}},"loc":{"start":{"line":62,"column":9},"end":{"line":66,"column":4}},"line":62}},"f":{"0":0,"1":0,"2":0,"3":0,"4":0,"5":0,"6":0}}
,"C:\\exe-code-analytics\\src\\providers\\Tests.ts": {"path":"C:\\exe-code-analytics\\src\\providers\\Tests.ts","all":false,"statementMap":{"0":{"start":{"line":1,"column":0},"end":{"line":1,"column":25}},"1":{"start":{"line":2,"column":0},"end":{"line":2,"column":0}},"2":{"start":{"line":3,"column":0},"end":{"line":3,"column":38}},"3":{"start":{"line":4,"column":0},"end":{"line":4,"column":0}},"4":{"start":{"line":5,"column":0},"end":{"line":5,"column":13}},"5":{"start":{"line":6,"column":0},"end":{"line":6,"column":31}},"6":{"start":{"line":7,"column":0},"end":{"line":7,"column":40}},"7":{"start":{"line":8,"column":0},"end":{"line":8,"column":0}},"8":{"start":{"line":9,"column":0},"end":{"line":9,"column":27}},"9":{"start":{"line":10,"column":0},"end":{"line":10,"column":65}},"10":{"start":{"line":11,"column":0},"end":{"line":11,"column":53}},"11":{"start":{"line":12,"column":0},"end":{"line":12,"column":4}},"12":{"start":{"line":13,"column":0},"end":{"line":13,"column":12}},"13":{"start":{"line":14,"column":0},"end":{"line":14,"column":58}},"14":{"start":{"line":15,"column":0},"end":{"line":15,"column":13}},"15":{"start":{"line":16,"column":0},"end":{"line":16,"column":6}},"16":{"start":{"line":17,"column":0},"end":{"line":17,"column":5}},"17":{"start":{"line":18,"column":0},"end":{"line":18,"column":0}},"18":{"start":{"line":19,"column":0},"end":{"line":19,"column":55}},"19":{"start":{"line":20,"column":0},"end":{"line":20,"column":67}},"20":{"start":{"line":21,"column":0},"end":{"line":21,"column":21}},"21":{"start":{"line":22,"column":0},"end":{"line":22,"column":21}},"22":{"start":{"line":23,"column":0},"end":{"line":23,"column":0}},"23":{"start":{"line":24,"column":0},"end":{"line":24,"column":44}},"24":{"start":{"line":25,"column":0},"end":{"line":25,"column":59}},"25":{"start":{"line":26,"column":0},"end":{"line":26,"column":55}},"26":{"start":{"line":27,"column":0},"end":{"line":27,"column":6}},"27":{"start":{"line":28,"column":0},"end":{"line":28,"column":14}},"28":{"start":{"line":29,"column":0},"end":{"line":29,"column":60}},"29":{"start":{"line":30,"column":0},"end":{"line":30,"column":15}},"30":{"start":{"line":31,"column":0},"end":{"line":31,"column":8}},"31":{"start":{"line":32,"column":0},"end":{"line":32,"column":8}},"32":{"start":{"line":33,"column":0},"end":{"line":33,"column":4}},"33":{"start":{"line":34,"column":0},"end":{"line":34,"column":2}},"34":{"start":{"line":35,"column":0},"end":{"line":35,"column":17}}},"s":{"0":1,"1":1,"2":1,"3":1,"4":1,"5":1,"6":1,"7":1,"8":1,"9":3,"10":3,"11":3,"12":3,"13":3,"14":3,"15":3,"16":3,"17":1,"18":1,"19":2,"20":2,"21":2,"22":2,"23":2,"24":6,"25":6,"26":6,"27":6,"28":6,"29":6,"30":6,"31":2,"32":2,"33":1,"34":1},"branchMap":{"0":{"type":"branch","line":9,"loc":{"start":{"line":9,"column":2},"end":{"line":17,"column":5}},"locations":[{"start":{"line":9,"column":2},"end":{"line":17,"column":5}}]},"1":{"type":"branch","line":19,"loc":{"start":{"line":19,"column":2},"end":{"line":33,"column":4}},"locations":[{"start":{"line":19,"column":2},"end":{"line":33,"column":4}}]},"2":{"type":"branch","line":24,"loc":{"start":{"line":24,"column":31},"end":{"line":32,"column":6}},"locations":[{"start":{"line":24,"column":31},"end":{"line":32,"column":6}}]}},"b":{"0":[3],"1":[2],"2":[6]},"fnMap":{"0":{"name":"get","decl":{"start":{"line":9,"column":2},"end":{"line":17,"column":5}},"loc":{"start":{"line":9,"column":2},"end":{"line":17,"column":5}},"line":9},"1":{"name":"getFilesToTest","decl":{"start":{"line":19,"column":2},"end":{"line":33,"column":4}},"loc":{"start":{"line":19,"column":2},"end":{"line":33,"column":4}},"line":19}},"f":{"0":3,"1":2}}
,"C:\\exe-code-analytics\\src\\util\\removeComments.ts": {"path":"C:\\exe-code-analytics\\src\\util\\removeComments.ts","all":false,"statementMap":{"0":{"start":{"line":1,"column":0},"end":{"line":1,"column":40}},"1":{"start":{"line":2,"column":0},"end":{"line":2,"column":89}},"2":{"start":{"line":3,"column":0},"end":{"line":3,"column":2}},"3":{"start":{"line":4,"column":0},"end":{"line":4,"column":0}},"4":{"start":{"line":5,"column":0},"end":{"line":5,"column":27}}},"s":{"0":0,"1":0,"2":0,"3":1,"4":1},"branchMap":{},"b":{},"fnMap":{"0":{"name":"removeCommments","decl":{"start":{"line":1,"column":0},"end":{"line":3,"column":2}},"loc":{"start":{"line":1,"column":0},"end":{"line":3,"column":2}},"line":1}},"f":{"0":0}}
}
