{"C:\\exe-code-analytics\\src\\providers\\Analytic.ts": {"path":"C:\\exe-code-analytics\\src\\providers\\Analytic.ts","all":false,"statementMap":{"0":{"start":{"line":1,"column":0},"end":{"line":1,"column":38}},"1":{"start":{"line":2,"column":0},"end":{"line":2,"column":0}},"2":{"start":{"line":3,"column":0},"end":{"line":3,"column":21}},"3":{"start":{"line":4,"column":0},"end":{"line":4,"column":15}},"4":{"start":{"line":5,"column":0},"end":{"line":5,"column":18}},"5":{"start":{"line":6,"column":0},"end":{"line":6,"column":0}},"6":{"start":{"line":7,"column":0},"end":{"line":7,"column":16}},"7":{"start":{"line":8,"column":0},"end":{"line":8,"column":22}},"8":{"start":{"line":9,"column":0},"end":{"line":9,"column":17}},"9":{"start":{"line":10,"column":0},"end":{"line":10,"column":0}},"10":{"start":{"line":11,"column":0},"end":{"line":11,"column":13}},"11":{"start":{"line":12,"column":0},"end":{"line":12,"column":18}},"12":{"start":{"line":13,"column":0},"end":{"line":13,"column":18}},"13":{"start":{"line":14,"column":0},"end":{"line":14,"column":4}},"14":{"start":{"line":15,"column":0},"end":{"line":15,"column":0}},"15":{"start":{"line":16,"column":0},"end":{"line":16,"column":13}},"16":{"start":{"line":17,"column":0},"end":{"line":17,"column":18}},"17":{"start":{"line":18,"column":0},"end":{"line":18,"column":18}},"18":{"start":{"line":19,"column":0},"end":{"line":19,"column":4}},"19":{"start":{"line":20,"column":0},"end":{"line":20,"column":2}},"20":{"start":{"line":21,"column":0},"end":{"line":21,"column":0}},"21":{"start":{"line":22,"column":0},"end":{"line":22,"column":24}},"22":{"start":{"line":23,"column":0},"end":{"line":23,"column":41}},"23":{"start":{"line":24,"column":0},"end":{"line":24,"column":2}},"24":{"start":{"line":25,"column":0},"end":{"line":25,"column":0}},"25":{"start":{"line":26,"column":0},"end":{"line":26,"column":16}},"26":{"start":{"line":27,"column":0},"end":{"line":27,"column":38}},"27":{"start":{"line":28,"column":0},"end":{"line":28,"column":40}},"28":{"start":{"line":29,"column":0},"end":{"line":29,"column":4}},"29":{"start":{"line":30,"column":0},"end":{"line":30,"column":0}},"30":{"start":{"line":31,"column":0},"end":{"line":31,"column":14}},"31":{"start":{"line":32,"column":0},"end":{"line":32,"column":35}},"32":{"start":{"line":33,"column":0},"end":{"line":33,"column":29}},"33":{"start":{"line":34,"column":0},"end":{"line":34,"column":5}},"34":{"start":{"line":35,"column":0},"end":{"line":35,"column":20}},"35":{"start":{"line":36,"column":0},"end":{"line":36,"column":43}},"36":{"start":{"line":37,"column":0},"end":{"line":37,"column":16}},"37":{"start":{"line":38,"column":0},"end":{"line":38,"column":6}},"38":{"start":{"line":39,"column":0},"end":{"line":39,"column":4}},"39":{"start":{"line":40,"column":0},"end":{"line":40,"column":2}},"40":{"start":{"line":41,"column":0},"end":{"line":41,"column":13}},"41":{"start":{"line":42,"column":0},"end":{"line":42,"column":34}},"42":{"start":{"line":43,"column":0},"end":{"line":43,"column":0}},"43":{"start":{"line":44,"column":0},"end":{"line":44,"column":58}},"44":{"start":{"line":45,"column":0},"end":{"line":45,"column":0}},"45":{"start":{"line":46,"column":0},"end":{"line":46,"column":27}},"46":{"start":{"line":47,"column":0},"end":{"line":47,"column":91}},"47":{"start":{"line":48,"column":0},"end":{"line":48,"column":0}},"48":{"start":{"line":49,"column":0},"end":{"line":49,"column":14}},"49":{"start":{"line":50,"column":0},"end":{"line":50,"column":13}},"50":{"start":{"line":51,"column":0},"end":{"line":51,"column":22}},"51":{"start":{"line":52,"column":0},"end":{"line":52,"column":26}},"52":{"start":{"line":53,"column":0},"end":{"line":53,"column":18}},"53":{"start":{"line":54,"column":0},"end":{"line":54,"column":38}},"54":{"start":{"line":55,"column":0},"end":{"line":55,"column":28}},"55":{"start":{"line":56,"column":0},"end":{"line":56,"column":10}},"56":{"start":{"line":57,"column":0},"end":{"line":57,"column":18}},"57":{"start":{"line":58,"column":0},"end":{"line":58,"column":38}},"58":{"start":{"line":59,"column":0},"end":{"line":59,"column":28}},"59":{"start":{"line":60,"column":0},"end":{"line":60,"column":10}},"60":{"start":{"line":61,"column":0},"end":{"line":61,"column":26}},"61":{"start":{"line":62,"column":0},"end":{"line":62,"column":24}},"62":{"start":{"line":63,"column":0},"end":{"line":63,"column":7}},"63":{"start":{"line":64,"column":0},"end":{"line":64,"column":4}},"64":{"start":{"line":65,"column":0},"end":{"line":65,"column":0}},"65":{"start":{"line":66,"column":0},"end":{"line":66,"column":14}},"66":{"start":{"line":67,"column":0},"end":{"line":67,"column":45}},"67":{"start":{"line":68,"column":0},"end":{"line":68,"column":72}},"68":{"start":{"line":69,"column":0},"end":{"line":69,"column":0}},"69":{"start":{"line":70,"column":0},"end":{"line":70,"column":33}},"70":{"start":{"line":71,"column":0},"end":{"line":71,"column":58}},"71":{"start":{"line":72,"column":0},"end":{"line":72,"column":53}},"72":{"start":{"line":73,"column":0},"end":{"line":73,"column":14}},"73":{"start":{"line":74,"column":0},"end":{"line":74,"column":23}},"74":{"start":{"line":75,"column":0},"end":{"line":75,"column":8}},"75":{"start":{"line":76,"column":0},"end":{"line":76,"column":0}},"76":{"start":{"line":77,"column":0},"end":{"line":77,"column":18}},"77":{"start":{"line":78,"column":0},"end":{"line":78,"column":29}},"78":{"start":{"line":79,"column":0},"end":{"line":79,"column":4}},"79":{"start":{"line":80,"column":0},"end":{"line":80,"column":2}},"80":{"start":{"line":81,"column":0},"end":{"line":81,"column":0}},"81":{"start":{"line":82,"column":0},"end":{"line":82,"column":8}},"82":{"start":{"line":83,"column":0},"end":{"line":83,"column":11}},"83":{"start":{"line":84,"column":0},"end":{"line":84,"column":18}},"84":{"start":{"line":85,"column":0},"end":{"line":85,"column":14}},"85":{"start":{"line":86,"column":0},"end":{"line":86,"column":2}}},"s":{"0":1,"1":1,"2":1,"3":1,"4":1,"5":1,"6":1,"7":1,"8":1,"9":1,"10":1,"11":1,"12":1,"13":1,"14":1,"15":1,"16":1,"17":1,"18":1,"19":1,"20":1,"21":1,"22":1,"23":1,"24":1,"25":1,"26":1,"27":1,"28":1,"29":1,"30":1,"31":1,"32":1,"33":1,"34":1,"35":1,"36":1,"37":1,"38":1,"39":1,"40":1,"41":1,"42":1,"43":1,"44":1,"45":1,"46":2,"47":2,"48":2,"49":2,"50":2,"51":2,"52":2,"53":2,"54":2,"55":2,"56":2,"57":2,"58":2,"59":2,"60":2,"61":2,"62":1,"63":1,"64":1,"65":1,"66":1,"67":3,"68":3,"69":3,"70":1,"71":1,"72":3,"73":2,"74":2,"75":3,"76":3,"77":1,"78":1,"79":1,"80":1,"81":1,"82":1,"83":1,"84":1,"85":1},"branchMap":{"0":{"type":"branch","line":41,"loc":{"start":{"line":41,"column":2},"end":{"line":64,"column":4}},"locations":[{"start":{"line":41,"column":2},"end":{"line":64,"column":4}}]},"1":{"type":"branch","line":46,"loc":{"start":{"line":46,"column":21},"end":{"line":63,"column":6}},"locations":[{"start":{"line":46,"column":21},"end":{"line":63,"column":6}}]},"2":{"type":"branch","line":66,"loc":{"start":{"line":66,"column":2},"end":{"line":79,"column":4}},"locations":[{"start":{"line":66,"column":2},"end":{"line":79,"column":4}}]},"3":{"type":"branch","line":67,"loc":{"start":{"line":67,"column":29},"end":{"line":78,"column":7}},"locations":[{"start":{"line":67,"column":29},"end":{"line":78,"column":7}}]},"4":{"type":"branch","line":70,"loc":{"start":{"line":70,"column":32},"end":{"line":73,"column":13}},"locations":[{"start":{"line":70,"column":32},"end":{"line":73,"column":13}}]},"5":{"type":"branch","line":73,"loc":{"start":{"line":73,"column":7},"end":{"line":75,"column":8}},"locations":[{"start":{"line":73,"column":7},"end":{"line":75,"column":8}}]},"6":{"type":"branch","line":68,"loc":{"start":{"line":68,"column":46},"end":{"line":68,"column":70}},"locations":[{"start":{"line":68,"column":46},"end":{"line":68,"column":70}}]},"7":{"type":"branch","line":31,"loc":{"start":{"line":31,"column":2},"end":{"line":39,"column":4}},"locations":[{"start":{"line":31,"column":2},"end":{"line":39,"column":4}}]}},"b":{"0":[1],"1":[2],"2":[1],"3":[3],"4":[1],"5":[2],"6":[2],"7":[1]},"fnMap":{"0":{"name":"execute","decl":{"start":{"line":41,"column":2},"end":{"line":64,"column":4}},"loc":{"start":{"line":41,"column":2},"end":{"line":64,"column":4}},"line":41},"1":{"name":"getChurn","decl":{"start":{"line":66,"column":2},"end":{"line":79,"column":4}},"loc":{"start":{"line":66,"column":2},"end":{"line":79,"column":4}},"line":66},"2":{"name":"Analytic","decl":{"start":{"line":31,"column":2},"end":{"line":39,"column":4}},"loc":{"start":{"line":31,"column":2},"end":{"line":39,"column":4}},"line":31}},"f":{"0":1,"1":1,"2":1}}
,"C:\\exe-code-analytics\\src\\providers\\Counters.ts": {"path":"C:\\exe-code-analytics\\src\\providers\\Counters.ts","all":false,"statementMap":{"0":{"start":{"line":1,"column":0},"end":{"line":1,"column":57}},"1":{"start":{"line":2,"column":0},"end":{"line":2,"column":0}},"2":{"start":{"line":3,"column":0},"end":{"line":3,"column":16}},"3":{"start":{"line":4,"column":0},"end":{"line":4,"column":58}},"4":{"start":{"line":5,"column":0},"end":{"line":5,"column":42}},"5":{"start":{"line":6,"column":0},"end":{"line":6,"column":12}},"6":{"start":{"line":7,"column":0},"end":{"line":7,"column":36}},"7":{"start":{"line":8,"column":0},"end":{"line":8,"column":59}},"8":{"start":{"line":9,"column":0},"end":{"line":9,"column":39}},"9":{"start":{"line":10,"column":0},"end":{"line":10,"column":6}},"10":{"start":{"line":11,"column":0},"end":{"line":11,"column":4}},"11":{"start":{"line":12,"column":0},"end":{"line":12,"column":0}},"12":{"start":{"line":13,"column":0},"end":{"line":13,"column":62}},"13":{"start":{"line":14,"column":0},"end":{"line":14,"column":32}},"14":{"start":{"line":15,"column":0},"end":{"line":15,"column":267}},"15":{"start":{"line":16,"column":0},"end":{"line":16,"column":92}},"16":{"start":{"line":17,"column":0},"end":{"line":17,"column":3}},"17":{"start":{"line":18,"column":0},"end":{"line":18,"column":67}},"18":{"start":{"line":19,"column":0},"end":{"line":19,"column":4}},"19":{"start":{"line":20,"column":0},"end":{"line":20,"column":0}},"20":{"start":{"line":21,"column":0},"end":{"line":21,"column":35}},"21":{"start":{"line":22,"column":0},"end":{"line":22,"column":32}},"22":{"start":{"line":23,"column":0},"end":{"line":23,"column":185}},"23":{"start":{"line":24,"column":0},"end":{"line":24,"column":67}},"24":{"start":{"line":25,"column":0},"end":{"line":25,"column":4}},"25":{"start":{"line":26,"column":0},"end":{"line":26,"column":0}},"26":{"start":{"line":27,"column":0},"end":{"line":27,"column":48}},"27":{"start":{"line":28,"column":0},"end":{"line":28,"column":31}},"28":{"start":{"line":29,"column":0},"end":{"line":29,"column":34}},"29":{"start":{"line":30,"column":0},"end":{"line":30,"column":137}},"30":{"start":{"line":31,"column":0},"end":{"line":31,"column":0}},"31":{"start":{"line":32,"column":0},"end":{"line":32,"column":34}},"32":{"start":{"line":33,"column":0},"end":{"line":33,"column":21}},"33":{"start":{"line":34,"column":0},"end":{"line":34,"column":8}},"34":{"start":{"line":35,"column":0},"end":{"line":35,"column":0}},"35":{"start":{"line":36,"column":0},"end":{"line":36,"column":18}},"36":{"start":{"line":37,"column":0},"end":{"line":37,"column":7}},"37":{"start":{"line":38,"column":0},"end":{"line":38,"column":4}},"38":{"start":{"line":39,"column":0},"end":{"line":39,"column":0}},"39":{"start":{"line":40,"column":0},"end":{"line":40,"column":33}},"40":{"start":{"line":41,"column":0},"end":{"line":41,"column":32}},"41":{"start":{"line":42,"column":0},"end":{"line":42,"column":61}},"42":{"start":{"line":43,"column":0},"end":{"line":43,"column":33}},"43":{"start":{"line":44,"column":0},"end":{"line":44,"column":4}},"44":{"start":{"line":45,"column":0},"end":{"line":45,"column":2}},"45":{"start":{"line":46,"column":0},"end":{"line":46,"column":0}},"46":{"start":{"line":47,"column":0},"end":{"line":47,"column":20}}},"s":{"0":1,"1":1,"2":1,"3":1,"4":4,"5":4,"6":4,"7":4,"8":4,"9":4,"10":4,"11":1,"12":1,"13":4,"14":4,"15":4,"16":4,"17":4,"18":4,"19":1,"20":1,"21":4,"22":4,"23":4,"24":4,"25":1,"26":1,"27":2,"28":3,"29":3,"30":3,"31":3,"32":2,"33":2,"34":1,"35":1,"36":2,"37":2,"38":1,"39":1,"40":4,"41":4,"42":4,"43":4,"44":1,"45":1,"46":1},"branchMap":{"0":{"type":"branch","line":4,"loc":{"start":{"line":4,"column":9},"end":{"line":11,"column":4}},"locations":[{"start":{"line":4,"column":9},"end":{"line":11,"column":4}}]},"1":{"type":"branch","line":13,"loc":{"start":{"line":13,"column":9},"end":{"line":19,"column":4}},"locations":[{"start":{"line":13,"column":9},"end":{"line":19,"column":4}}]},"2":{"type":"branch","line":16,"loc":{"start":{"line":16,"column":37},"end":{"line":16,"column":45}},"locations":[{"start":{"line":16,"column":37},"end":{"line":16,"column":45}}]},"3":{"type":"branch","line":16,"loc":{"start":{"line":16,"column":45},"end":{"line":16,"column":91}},"locations":[{"start":{"line":16,"column":45},"end":{"line":16,"column":91}}]},"4":{"type":"branch","line":16,"loc":{"start":{"line":16,"column":78},"end":{"line":16,"column":86}},"locations":[{"start":{"line":16,"column":78},"end":{"line":16,"column":86}}]},"5":{"type":"branch","line":16,"loc":{"start":{"line":16,"column":86},"end":{"line":16,"column":89}},"locations":[{"start":{"line":16,"column":86},"end":{"line":16,"column":89}}]},"6":{"type":"branch","line":18,"loc":{"start":{"line":18,"column":19},"end":{"line":18,"column":28}},"locations":[{"start":{"line":18,"column":19},"end":{"line":18,"column":28}}]},"7":{"type":"branch","line":18,"loc":{"start":{"line":18,"column":28},"end":{"line":18,"column":31}},"locations":[{"start":{"line":18,"column":28},"end":{"line":18,"column":31}}]},"8":{"type":"branch","line":18,"loc":{"start":{"line":18,"column":37},"end":{"line":18,"column":65}},"locations":[{"start":{"line":18,"column":37},"end":{"line":18,"column":65}}]},"9":{"type":"branch","line":21,"loc":{"start":{"line":21,"column":9},"end":{"line":25,"column":4}},"locations":[{"start":{"line":21,"column":9},"end":{"line":25,"column":4}}]},"10":{"type":"branch","line":24,"loc":{"start":{"line":24,"column":19},"end":{"line":24,"column":28}},"locations":[{"start":{"line":24,"column":19},"end":{"line":24,"column":28}}]},"11":{"type":"branch","line":24,"loc":{"start":{"line":24,"column":28},"end":{"line":24,"column":31}},"locations":[{"start":{"line":24,"column":28},"end":{"line":24,"column":31}}]},"12":{"type":"branch","line":24,"loc":{"start":{"line":24,"column":37},"end":{"line":24,"column":65}},"locations":[{"start":{"line":24,"column":37},"end":{"line":24,"column":65}}]},"13":{"type":"branch","line":27,"loc":{"start":{"line":27,"column":9},"end":{"line":38,"column":4}},"locations":[{"start":{"line":27,"column":9},"end":{"line":38,"column":4}}]},"14":{"type":"branch","line":28,"loc":{"start":{"line":28,"column":25},"end":{"line":37,"column":6}},"locations":[{"start":{"line":28,"column":25},"end":{"line":37,"column":6}}]},"15":{"type":"branch","line":32,"loc":{"start":{"line":32,"column":33},"end":{"line":34,"column":8}},"locations":[{"start":{"line":32,"column":33},"end":{"line":34,"column":8}}]},"16":{"type":"branch","line":34,"loc":{"start":{"line":34,"column":7},"end":{"line":37,"column":6}},"locations":[{"start":{"line":34,"column":7},"end":{"line":37,"column":6}}]},"17":{"type":"branch","line":40,"loc":{"start":{"line":40,"column":9},"end":{"line":44,"column":4}},"locations":[{"start":{"line":40,"column":9},"end":{"line":44,"column":4}}]},"18":{"type":"branch","line":43,"loc":{"start":{"line":43,"column":16},"end":{"line":43,"column":30}},"locations":[{"start":{"line":43,"column":16},"end":{"line":43,"column":30}}]},"19":{"type":"branch","line":43,"loc":{"start":{"line":43,"column":30},"end":{"line":43,"column":32}},"locations":[{"start":{"line":43,"column":30},"end":{"line":43,"column":32}}]}},"b":{"0":[4],"1":[4],"2":[2],"3":[2],"4":[1],"5":[1],"6":[3],"7":[1],"8":[7],"9":[4],"10":[2],"11":[2],"12":[2],"13":[2],"14":[3],"15":[2],"16":[1],"17":[4],"18":[2],"19":[2]},"fnMap":{"0":{"name":"getAll","decl":{"start":{"line":4,"column":9},"end":{"line":11,"column":4}},"loc":{"start":{"line":4,"column":9},"end":{"line":11,"column":4}},"line":4},"1":{"name":"getMethods","decl":{"start":{"line":13,"column":9},"end":{"line":19,"column":4}},"loc":{"start":{"line":13,"column":9},"end":{"line":19,"column":4}},"line":13},"2":{"name":"getClasses","decl":{"start":{"line":21,"column":9},"end":{"line":25,"column":4}},"loc":{"start":{"line":21,"column":9},"end":{"line":25,"column":4}},"line":21},"3":{"name":"removeSpecialBlocks","decl":{"start":{"line":27,"column":9},"end":{"line":38,"column":4}},"loc":{"start":{"line":27,"column":9},"end":{"line":38,"column":4}},"line":27},"4":{"name":"getLines","decl":{"start":{"line":40,"column":9},"end":{"line":44,"column":4}},"loc":{"start":{"line":40,"column":9},"end":{"line":44,"column":4}},"line":40}},"f":{"0":4,"1":4,"2":4,"3":2,"4":4}}
,"C:\\exe-code-analytics\\src\\util\\getUpdatedContentOfDiff.ts": {"path":"C:\\exe-code-analytics\\src\\util\\getUpdatedContentOfDiff.ts","all":false,"statementMap":{"0":{"start":{"line":1,"column":0},"end":{"line":1,"column":48}},"1":{"start":{"line":2,"column":0},"end":{"line":2,"column":36}},"2":{"start":{"line":3,"column":0},"end":{"line":3,"column":2}},"3":{"start":{"line":4,"column":0},"end":{"line":4,"column":0}},"4":{"start":{"line":5,"column":0},"end":{"line":5,"column":35}}},"s":{"0":1,"1":1,"2":1,"3":1,"4":1},"branchMap":{"0":{"type":"branch","line":1,"loc":{"start":{"line":1,"column":0},"end":{"line":3,"column":2}},"locations":[{"start":{"line":1,"column":0},"end":{"line":3,"column":2}}]}},"b":{"0":[1]},"fnMap":{"0":{"name":"getUpdatedContentOfDiff","decl":{"start":{"line":1,"column":0},"end":{"line":3,"column":2}},"loc":{"start":{"line":1,"column":0},"end":{"line":3,"column":2}},"line":1}},"f":{"0":1}}
,"C:\\exe-code-analytics\\src\\util\\removeComments.ts": {"path":"C:\\exe-code-analytics\\src\\util\\removeComments.ts","all":false,"statementMap":{"0":{"start":{"line":1,"column":0},"end":{"line":1,"column":40}},"1":{"start":{"line":2,"column":0},"end":{"line":2,"column":89}},"2":{"start":{"line":3,"column":0},"end":{"line":3,"column":2}},"3":{"start":{"line":4,"column":0},"end":{"line":4,"column":0}},"4":{"start":{"line":5,"column":0},"end":{"line":5,"column":27}}},"s":{"0":4,"1":4,"2":4,"3":1,"4":1},"branchMap":{"0":{"type":"branch","line":1,"loc":{"start":{"line":1,"column":0},"end":{"line":3,"column":2}},"locations":[{"start":{"line":1,"column":0},"end":{"line":3,"column":2}}]}},"b":{"0":[4]},"fnMap":{"0":{"name":"removeCommments","decl":{"start":{"line":1,"column":0},"end":{"line":3,"column":2}},"loc":{"start":{"line":1,"column":0},"end":{"line":3,"column":2}},"line":1}},"f":{"0":4}}
}
