TN:
SF:src\providers\Analytic.ts
FN:41,execute
FN:66,getChurn
FN:31,Analytic
FNF:3
FNH:3
FNDA:1,execute
FNDA:1,getChurn
FNDA:1,Analytic
DA:1,1
DA:2,1
DA:3,1
DA:4,1
DA:5,1
DA:6,1
DA:7,1
DA:8,1
DA:9,1
DA:10,1
DA:11,1
DA:12,1
DA:13,1
DA:14,1
DA:15,1
DA:16,1
DA:17,1
DA:18,1
DA:19,1
DA:20,1
DA:21,1
DA:22,1
DA:23,1
DA:24,1
DA:25,1
DA:26,1
DA:27,1
DA:28,1
DA:29,1
DA:30,1
DA:31,1
DA:32,1
DA:33,1
DA:34,1
DA:35,1
DA:36,1
DA:37,1
DA:38,1
DA:39,1
DA:40,1
DA:41,1
DA:42,1
DA:43,1
DA:44,1
DA:45,1
DA:46,1
DA:47,2
DA:48,2
DA:49,2
DA:50,2
DA:51,2
DA:52,2
DA:53,2
DA:54,2
DA:55,2
DA:56,2
DA:57,2
DA:58,2
DA:59,2
DA:60,2
DA:61,2
DA:62,2
DA:63,1
DA:64,1
DA:65,1
DA:66,1
DA:67,1
DA:68,3
DA:69,3
DA:70,3
DA:71,1
DA:72,1
DA:73,3
DA:74,2
DA:75,2
DA:76,3
DA:77,3
DA:78,1
DA:79,1
DA:80,1
DA:81,1
DA:82,1
LF:82
LH:82
BRDA:41,0,0,1
BRDA:46,1,0,2
BRDA:66,2,0,1
BRDA:67,3,0,3
BRDA:70,4,0,1
BRDA:73,5,0,2
BRDA:68,6,0,2
BRDA:31,7,0,1
BRF:8
BRH:8
end_of_record
TN:
SF:src\providers\Counters.ts
FN:4,getAll
FN:13,getMethods
FN:21,getClasses
FN:27,removeSpecialBlocks
FN:40,getLines
FNF:5
FNH:5
FNDA:4,getAll
FNDA:4,getMethods
FNDA:4,getClasses
FNDA:2,removeSpecialBlocks
FNDA:4,getLines
DA:1,1
DA:2,1
DA:3,1
DA:4,1
DA:5,4
DA:6,4
DA:7,4
DA:8,4
DA:9,4
DA:10,4
DA:11,4
DA:12,1
DA:13,1
DA:14,4
DA:15,4
DA:16,4
DA:17,4
DA:18,4
DA:19,4
DA:20,1
DA:21,1
DA:22,4
DA:23,4
DA:24,4
DA:25,4
DA:26,1
DA:27,1
DA:28,2
DA:29,3
DA:30,3
DA:31,3
DA:32,3
DA:33,2
DA:34,2
DA:35,1
DA:36,1
DA:37,2
DA:38,2
DA:39,1
DA:40,1
DA:41,4
DA:42,4
DA:43,4
DA:44,4
DA:45,1
DA:46,1
DA:47,1
LF:47
LH:47
BRDA:4,0,0,4
BRDA:13,1,0,4
BRDA:16,2,0,2
BRDA:16,3,0,2
BRDA:16,4,0,1
BRDA:16,5,0,1
BRDA:18,6,0,3
BRDA:18,7,0,1
BRDA:21,8,0,4
BRDA:24,9,0,2
BRDA:24,10,0,2
BRDA:27,11,0,2
BRDA:28,12,0,3
BRDA:32,13,0,2
BRDA:34,14,0,1
BRDA:40,15,0,4
BRDA:43,16,0,2
BRDA:43,17,0,2
BRF:18
BRH:18
end_of_record
TN:
SF:src\util\getUpdatedContentOfDiff.ts
FN:1,getUpdatedContentOfDiff
FNF:1
FNH:1
FNDA:1,getUpdatedContentOfDiff
DA:1,1
DA:2,1
DA:3,1
DA:4,1
DA:5,1
LF:5
LH:5
BRDA:1,0,0,1
BRF:1
BRH:1
end_of_record
TN:
SF:src\util\removeComments.ts
FN:1,removeCommments
FNF:1
FNH:1
FNDA:4,removeCommments
DA:1,4
DA:2,4
DA:3,4
DA:4,1
DA:5,1
LF:5
LH:5
BRDA:1,0,0,4
BRF:1
BRH:1
end_of_record
