TN:
SF:src\__tests__\integration\complexity.spec.ts
FNF:0
FNH:0
DA:1,1
DA:2,1
DA:3,1
DA:4,1
DA:5,1
DA:6,1
DA:7,1
DA:8,1
DA:9,1
DA:10,1
DA:11,1
DA:12,1
DA:13,1
DA:14,1
DA:15,1
DA:16,1
DA:17,1
DA:18,1
DA:19,1
DA:20,1
DA:21,1
DA:22,1
DA:23,1
DA:24,1
DA:25,1
DA:26,1
DA:27,1
DA:28,1
DA:29,1
DA:30,1
DA:31,1
DA:32,1
DA:33,1
DA:34,1
DA:35,1
DA:36,1
DA:37,1
DA:38,1
DA:39,1
DA:40,1
DA:41,1
DA:42,1
DA:43,1
DA:44,1
DA:45,1
DA:46,1
DA:47,1
DA:48,1
DA:49,1
DA:50,1
DA:51,1
DA:52,1
DA:53,1
DA:54,1
DA:55,1
DA:56,1
DA:57,1
DA:58,1
DA:59,1
DA:60,1
DA:61,1
DA:62,1
DA:63,1
DA:64,1
DA:65,1
DA:66,1
DA:67,1
DA:68,1
DA:69,1
DA:70,1
DA:71,1
DA:72,1
DA:73,1
DA:74,1
DA:75,1
DA:76,1
DA:77,1
DA:78,1
DA:79,1
DA:80,1
DA:81,1
DA:82,1
DA:83,1
DA:84,1
DA:85,1
DA:86,1
DA:87,1
DA:88,1
DA:89,1
DA:90,1
DA:91,1
DA:92,1
DA:93,1
DA:94,1
DA:95,1
DA:96,1
DA:97,1
DA:98,1
DA:99,1
DA:100,1
DA:101,1
DA:102,1
DA:103,1
DA:104,1
DA:105,1
DA:106,1
DA:107,1
LF:107
LH:107
BRF:0
BRH:0
end_of_record
TN:
SF:src\providers\Complexity.ts
FN:6,toggleLog
FN:10,calc
FN:44,getBlockContent
FN:80,getBlock
FN:94,countSwitchCases
FN:104,getBlockValue
FN:116,removeStringsAndRegexsSpace
FN:127,removeBlockOfStringSpace
FN:128,data.reduce.result
FN:155,removeInvalidBlocks
FN:156,data.reduce.isStarted
FNF:11
FNH:10
FNDA:0,toggleLog
FNDA:62,calc
FNDA:62,getBlockContent
FNDA:62,getBlock
FNDA:4,countSwitchCases
FNDA:29,getBlockValue
FNDA:63,removeStringsAndRegexsSpace
FNDA:252,removeBlockOfStringSpace
FNDA:168479,data.reduce.result
FNDA:36,removeInvalidBlocks
FNDA:37974,data.reduce.isStarted
DA:1,1
DA:2,1
DA:3,1
DA:4,1
DA:5,1
DA:6,1
DA:7,0
DA:8,0
DA:9,1
DA:10,1
DA:11,62
DA:12,62
DA:13,62
DA:14,62
DA:15,62
DA:16,62
DA:17,62
DA:18,62
DA:19,62
DA:20,62
DA:21,29
DA:22,29
DA:23,29
DA:24,62
DA:25,62
DA:26,29
DA:27,29
DA:28,29
DA:29,62
DA:30,62
DA:31,62
DA:32,62
DA:33,62
DA:34,62
DA:35,62
DA:36,0
DA:37,0
DA:38,0
DA:39,0
DA:40,0
DA:41,0
DA:42,0
DA:43,1
DA:44,1
DA:45,62
DA:46,62
DA:47,62
DA:48,33
DA:49,33
DA:50,33
DA:51,33
DA:52,33
DA:53,33
DA:54,29
DA:55,29
DA:56,29
DA:57,29
DA:58,96
DA:59,67
DA:60,67
DA:61,67
DA:62,38
DA:63,38
DA:64,67
DA:65,96
DA:66,96
DA:67,29
DA:68,29
DA:69,29
DA:70,29
DA:71,29
DA:72,29
DA:73,29
DA:74,29
DA:75,29
DA:76,29
DA:77,29
DA:78,29
DA:79,1
DA:80,1
DA:81,62
DA:82,62
DA:83,62
DA:84,29
DA:85,29
DA:86,29
DA:87,29
DA:88,33
DA:89,33
DA:90,33
DA:91,33
DA:92,33
DA:93,1
DA:94,1
DA:95,4
DA:96,4
DA:97,4
DA:98,4
DA:99,4
DA:100,4
DA:101,4
DA:102,4
DA:103,1
DA:104,1
DA:105,29
DA:106,29
DA:107,29
DA:108,25
DA:109,29
DA:110,4
DA:111,4
DA:112,0
DA:113,0
DA:114,0
DA:115,1
DA:116,1
DA:117,63
DA:118,63
DA:119,63
DA:120,63
DA:121,63
DA:122,63
DA:123,63
DA:124,63
DA:125,1
DA:126,1
DA:127,1
DA:128,252
DA:129,168479
DA:130,460
DA:131,460
DA:132,460
DA:133,460
DA:134,168479
DA:135,168479
DA:136,167522
DA:137,168479
DA:138,497
DA:139,497
DA:140,168479
DA:141,168479
DA:142,252
DA:143,252
DA:144,252
DA:145,252
DA:146,252
DA:147,252
DA:148,252
DA:149,2
DA:150,2
DA:151,252
DA:152,252
DA:153,252
DA:154,1
DA:155,1
DA:156,36
DA:157,37974
DA:158,37974
DA:159,315
DA:160,315
DA:161,315
DA:162,36
DA:163,315
DA:164,279
DA:165,279
DA:166,315
DA:167,315
DA:168,315
DA:169,37974
DA:170,283
DA:171,283
DA:172,283
DA:173,37974
DA:174,37376
DA:175,37974
DA:176,37974
DA:177,37974
DA:178,37974
DA:179,37974
DA:180,37974
DA:181,3538
DA:182,3538
DA:183,37974
DA:184,37974
DA:185,37974
DA:186,4457
DA:187,37974
DA:188,36
DA:189,36
DA:190,36
DA:191,36
DA:192,37974
DA:193,33517
DA:194,33517
DA:195,33517
DA:196,33517
DA:197,30358
DA:198,30358
DA:199,33517
DA:200,3159
DA:201,1321
DA:202,3159
DA:203,1316
DA:204,1316
DA:205,37938
DA:206,4421
DA:207,4421
DA:208,37974
DA:209,37974
DA:210,36
DA:211,36
DA:212,36
DA:213,36
DA:214,36
DA:215,36
DA:216,36
DA:217,36
DA:218,36
DA:219,36
DA:220,36
DA:221,36
DA:222,36
DA:223,36
DA:224,36
DA:225,36
DA:226,36
DA:227,36
DA:228,36
DA:229,1
DA:230,1
DA:231,1
LF:231
LH:219
BRDA:10,0,0,62
BRDA:20,1,0,29
BRDA:25,2,0,29
BRDA:35,3,0,0
BRDA:44,4,0,62
BRDA:47,5,0,33
BRDA:53,6,0,29
BRDA:57,7,0,96
BRDA:58,8,0,29
BRDA:58,9,0,67
BRDA:61,10,0,54
BRDA:61,11,0,38
BRDA:80,12,0,62
BRDA:83,13,0,29
BRDA:87,14,0,33
BRDA:94,15,0,4
BRDA:99,16,0,0
BRDA:99,17,0,0
BRDA:104,18,0,29
BRDA:107,19,0,4
BRDA:107,20,0,25
BRDA:107,21,0,25
BRDA:109,22,0,4
BRDA:111,23,0,0
BRDA:116,24,0,63
BRDA:127,25,0,252
BRDA:148,26,0,2
BRDA:128,27,0,168479
BRDA:129,28,0,168019
BRDA:129,29,0,0
BRDA:129,30,0,460
BRDA:135,31,0,167751
BRDA:135,32,0,167522
BRDA:135,33,0,167522
BRDA:137,34,0,957
BRDA:137,35,0,728
BRDA:137,36,0,497
BRDA:137,37,0,497
BRDA:155,38,0,36
BRDA:156,39,0,37974
BRDA:158,40,0,315
BRDA:161,41,0,36
BRDA:163,42,0,279
BRDA:169,43,0,283
BRDA:173,44,0,37376
BRDA:178,45,0,11983
BRDA:179,46,0,11700
BRDA:180,47,0,3538
BRDA:185,48,0,36694
BRDA:185,49,0,4457
BRDA:187,50,0,36
BRDA:192,51,0,37938
BRDA:192,52,0,5701
BRDA:192,53,0,33517
BRDA:194,54,0,32196
BRDA:195,55,0,31638
BRDA:196,56,0,30358
BRDA:199,57,0,3159
BRDA:200,58,0,2601
BRDA:200,59,0,1321
BRDA:201,60,0,5
BRDA:202,61,0,1316
BRDA:205,62,0,4421
BRF:63
BRH:58
end_of_record
TN:
SF:src\providers\Tests.ts
FN:9,get
FN:19,getFilesToTest
FNF:2
FNH:2
FNDA:7,get
FNDA:1,getFilesToTest
DA:1,1
DA:2,1
DA:3,1
DA:4,1
DA:5,1
DA:6,1
DA:7,1
DA:8,1
DA:9,1
DA:10,7
DA:11,7
DA:12,7
DA:13,7
DA:14,7
DA:15,7
DA:16,7
DA:17,7
DA:18,1
DA:19,1
DA:20,1
DA:21,1
DA:22,1
DA:23,1
DA:24,1
DA:25,5
DA:26,5
DA:27,5
DA:28,5
DA:29,5
DA:30,5
DA:31,5
DA:32,1
DA:33,1
DA:34,1
DA:35,1
LF:35
LH:35
BRDA:9,0,0,7
BRDA:19,1,0,1
BRDA:24,2,0,5
BRF:3
BRH:3
end_of_record
